   1               		.file	"etharp.c"
   2               	__SREG__ = 0x3f
   3               	__SP_H__ = 0x3e
   4               	__SP_L__ = 0x3d
   5               	__CCP__  = 0x34
   6               	__tmp_reg__ = 0
   7               	__zero_reg__ = 1
  15               	.Ltext0:
  16               		.section	.text.etharp_send_ip,"ax",@progbits
  18               	etharp_send_ip:
  19               	.LFB5:
  20               	.LSM0:
  21               	.LVL0:
  22 0000 EF92      		push r14
  23 0002 FF92      		push r15
  24 0004 0F93      		push r16
  25 0006 1F93      		push r17
  26 0008 CF93      		push r28
  27 000a DF93      		push r29
  28               	/* prologue: function */
  29               	/* frame size = 0 */
  30 000c 8C01      		movw r16,r24
  31 000e 7B01      		movw r14,r22
  32 0010 B901      		movw r22,r18
  33               	.LVL1:
  34               	.LSM1:
  35 0012 D701      		movw r26,r14
  36 0014 1296      		adiw r26,2
  37 0016 CD91      		ld r28,X+
  38 0018 DC91      		ld r29,X
  39 001a 1397      		sbiw r26,2+1
  40               	.LVL2:
  41 001c 96E0      		ldi r25,lo8(6)
  42               	.LVL3:
  43               	.L2:
  44               	.LSM2:
  45 001e 9150      		subi r25,lo8(-(-1))
  46               	.LSM3:
  47 0020 E92F      		mov r30,r25
  48 0022 F0E0      		ldi r31,lo8(0)
  49 0024 9E01      		movw r18,r28
  50 0026 2E0F      		add r18,r30
  51 0028 3F1F      		adc r19,r31
  52 002a DB01      		movw r26,r22
  53 002c AE0F      		add r26,r30
  54 002e BF1F      		adc r27,r31
  55 0030 8C91      		ld r24,X
  56 0032 D901      		movw r26,r18
  57 0034 8C93      		st X,r24
  58               	.LSM4:
  59 0036 E40F      		add r30,r20
  60 0038 F51F      		adc r31,r21
  61 003a 8081      		ld r24,Z
  62 003c 1696      		adiw r26,6
  63 003e 8C93      		st X,r24
  64               	.LSM5:
  65 0040 9923      		tst r25
  66 0042 01F4      		brne .L2
  67               	.LSM6:
  68 0044 80E0      		ldi r24,lo8(2048)
  69 0046 98E0      		ldi r25,hi8(2048)
  70 0048 0E94 0000 		call htons
  71               	.LVL4:
  72 004c 9D87      		std Y+13,r25
  73 004e 8C87      		std Y+12,r24
  74               	.LSM7:
  75 0050 D801      		movw r26,r16
  76 0052 5296      		adiw r26,18
  77 0054 ED91      		ld r30,X+
  78 0056 FC91      		ld r31,X
  79 0058 5397      		sbiw r26,18+1
  80 005a C801      		movw r24,r16
  81 005c B701      		movw r22,r14
  82 005e 0995      		icall
  83               	/* epilogue start */
  84               	.LSM8:
  85 0060 DF91      		pop r29
  86 0062 CF91      		pop r28
  87               	.LVL5:
  88 0064 1F91      		pop r17
  89 0066 0F91      		pop r16
  90               	.LVL6:
  91 0068 FF90      		pop r15
  92 006a EF90      		pop r14
  93               	.LVL7:
  94 006c 0895      		ret
  95               	.LFE5:
  97               		.section	.text.etharp_raw,"ax",@progbits
  98               	.global	etharp_raw
 100               	etharp_raw:
 101               	.LFB12:
 102               	.LSM9:
 103               	.LVL8:
 104 0000 2F92      		push r2
 105 0002 3F92      		push r3
 106 0004 4F92      		push r4
 107 0006 5F92      		push r5
 108 0008 6F92      		push r6
 109 000a 7F92      		push r7
 110 000c 8F92      		push r8
 111 000e 9F92      		push r9
 112 0010 AF92      		push r10
 113               	.LVL9:
 114 0012 BF92      		push r11
 115 0014 CF92      		push r12
 116               	.LVL10:
 117 0016 DF92      		push r13
 118 0018 EF92      		push r14
 119               	.LVL11:
 120 001a FF92      		push r15
 121 001c 0F93      		push r16
 122               	.LVL12:
 123 001e 1F93      		push r17
 124 0020 DF93      		push r29
 125 0022 CF93      		push r28
 126 0024 00D0      		rcall .
 127 0026 00D0      		rcall .
 128 0028 CDB7      		in r28,__SP_L__
 129 002a DEB7      		in r29,__SP_H__
 130               	/* prologue: function */
 131               	/* frame size = 4 */
 132 002c 4C01      		movw r8,r24
 133 002e 1B01      		movw r2,r22
 134 0030 4983      		std Y+1,r20
 135 0032 5A83      		std Y+2,r21
 136               	.LVL13:
 137 0034 3901      		movw r6,r18
 138 0036 2601      		movw r4,r12
 139               	.LVL14:
 140               	.LSM10:
 141 0038 82E0      		ldi r24,lo8(2)
 142               	.LVL15:
 143 003a 6AE2      		ldi r22,lo8(42)
 144 003c 70E0      		ldi r23,hi8(42)
 145               	.LVL16:
 146 003e 40E0      		ldi r20,lo8(0)
 147               	.LVL17:
 148 0040 0E94 0000 		call pbuf_alloc
 149               	.LVL18:
 150 0044 6C01      		movw r12,r24
 151               	.LVL19:
 152               	.LSM11:
 153 0046 0097      		sbiw r24,0
 154 0048 01F4      		brne .L6
 155               	.LVL20:
 156               	.LSM12:
 157 004a 8091 0000 		lds r24,lwip_stats+40
 158 004e 9091 0000 		lds r25,(lwip_stats+40)+1
 159               	.LVL21:
 160 0052 0196      		adiw r24,1
 161 0054 9093 0000 		sts (lwip_stats+40)+1,r25
 162 0058 8093 0000 		sts lwip_stats+40,r24
 163 005c 1FEF      		ldi r17,lo8(-1)
 164               	.LVL22:
 165 005e 00C0      		rjmp .L7
 166               	.LVL23:
 167               	.L6:
 168               	.LSM13:
 169 0060 DC01      		movw r26,r24
 170 0062 1296      		adiw r26,2
 171 0064 0D90      		ld __tmp_reg__,X+
 172 0066 BC91      		ld r27,X
 173 0068 A02D      		mov r26,__tmp_reg__
 174 006a BC83      		std Y+4,r27
 175 006c AB83      		std Y+3,r26
 176               	.LVL24:
 177               	.LSM14:
 178 006e C501      		movw r24,r10
 179               	.LVL25:
 180 0070 0E94 0000 		call htons
 181 0074 EB81      		ldd r30,Y+3
 182 0076 FC81      		ldd r31,Y+4
 183 0078 958B      		std Z+21,r25
 184 007a 848B      		std Z+20,r24
 185               	.LSM15:
 186 007c D401      		movw r26,r8
 187 007e 5896      		adiw r26,24
 188 0080 ED91      		ld r30,X+
 189 0082 FC91      		ld r31,X
 190 0084 5997      		sbiw r26,24+1
 191 0086 3097      		sbiw r30,0
 192 0088 01F0      		breq .L8
 193 008a 8481      		ldd r24,Z+4
 194 008c 8823      		tst r24
 195 008e 01F0      		breq .L8
 196 0090 40E0      		ldi r20,lo8(ethbroadcast)
 197 0092 50E0      		ldi r21,hi8(ethbroadcast)
 198 0094 00C0      		rjmp .L9
 199               	.L8:
 200 0096 8981      		ldd r24,Y+1
 201 0098 9A81      		ldd r25,Y+2
 202 009a 9C01      		movw r18,r24
 203 009c A901      		movw r20,r18
 204               	.L9:
 205 009e 96E0      		ldi r25,lo8(6)
 206               	.LVL26:
 207               	.L10:
 208               	.LSM16:
 209 00a0 9150      		subi r25,lo8(-(-1))
 210               	.LSM17:
 211 00a2 E92F      		mov r30,r25
 212 00a4 F0E0      		ldi r31,lo8(0)
 213 00a6 2B81      		ldd r18,Y+3
 214 00a8 3C81      		ldd r19,Y+4
 215 00aa 2E0F      		add r18,r30
 216 00ac 3F1F      		adc r19,r31
 217 00ae D301      		movw r26,r6
 218 00b0 AE0F      		add r26,r30
 219 00b2 BF1F      		adc r27,r31
 220 00b4 8C91      		ld r24,X
 221 00b6 D901      		movw r26,r18
 222 00b8 5696      		adiw r26,22
 223 00ba 8C93      		st X,r24
 224               	.LSM18:
 225 00bc D701      		movw r26,r14
 226               	.LVL27:
 227 00be AE0F      		add r26,r30
 228 00c0 BF1F      		adc r27,r31
 229 00c2 8C91      		ld r24,X
 230 00c4 D901      		movw r26,r18
 231 00c6 9096      		adiw r26,32
 232 00c8 8C93      		st X,r24
 233               	.LSM19:
 234 00ca DA01      		movw r26,r20
 235 00cc AE0F      		add r26,r30
 236 00ce BF1F      		adc r27,r31
 237 00d0 8C91      		ld r24,X
 238 00d2 D901      		movw r26,r18
 239 00d4 8C93      		st X,r24
 240               	.LSM20:
 241 00d6 E20D      		add r30,r2
 242 00d8 F31D      		adc r31,r3
 243 00da 8081      		ld r24,Z
 244 00dc 1696      		adiw r26,6
 245 00de 8C93      		st X,r24
 246               	.LSM21:
 247 00e0 9923      		tst r25
 248 00e2 01F4      		brne .L10
 249               	.LSM22:
 250 00e4 F801      		movw r30,r16
 251               	.LVL28:
 252 00e6 8081      		ld r24,Z
 253 00e8 9181      		ldd r25,Z+1
 254 00ea A281      		ldd r26,Z+2
 255 00ec B381      		ldd r27,Z+3
 256 00ee EB81      		ldd r30,Y+3
 257 00f0 FC81      		ldd r31,Y+4
 258 00f2 848F      		std Z+28,r24
 259 00f4 958F      		std Z+29,r25
 260 00f6 A68F      		std Z+30,r26
 261 00f8 B78F      		std Z+31,r27
 262               	.LSM23:
 263 00fa F201      		movw r30,r4
 264 00fc 8081      		ld r24,Z
 265 00fe 9181      		ldd r25,Z+1
 266 0100 A281      		ldd r26,Z+2
 267 0102 B381      		ldd r27,Z+3
 268 0104 EB81      		ldd r30,Y+3
 269 0106 FC81      		ldd r31,Y+4
 270 0108 86A3      		std Z+38,r24
 271 010a 97A3      		std Z+39,r25
 272 010c A0A7      		std Z+40,r26
 273 010e B1A7      		std Z+41,r27
 274               	.LSM24:
 275 0110 81E0      		ldi r24,lo8(1)
 276 0112 90E0      		ldi r25,hi8(1)
 277 0114 0E94 0000 		call htons
 278               	.LVL29:
 279 0118 AB81      		ldd r26,Y+3
 280 011a BC81      		ldd r27,Y+4
 281 011c 1F96      		adiw r26,14+1
 282 011e 9C93      		st X,r25
 283 0120 8E93      		st -X,r24
 284 0122 1E97      		sbiw r26,14
 285               	.LSM25:
 286 0124 80E0      		ldi r24,lo8(2048)
 287 0126 98E0      		ldi r25,hi8(2048)
 288 0128 0E94 0000 		call htons
 289 012c EB81      		ldd r30,Y+3
 290 012e FC81      		ldd r31,Y+4
 291 0130 918B      		std Z+17,r25
 292 0132 808B      		std Z+16,r24
 293               	.LSM26:
 294 0134 84E0      		ldi r24,lo8(1540)
 295 0136 96E0      		ldi r25,hi8(1540)
 296 0138 0E94 0000 		call htons
 297 013c AB81      		ldd r26,Y+3
 298 013e BC81      		ldd r27,Y+4
 299 0140 5396      		adiw r26,18+1
 300 0142 9C93      		st X,r25
 301 0144 8E93      		st -X,r24
 302 0146 5297      		sbiw r26,18
 303               	.LSM27:
 304 0148 86E0      		ldi r24,lo8(2054)
 305 014a 98E0      		ldi r25,hi8(2054)
 306 014c 0E94 0000 		call htons
 307 0150 EB81      		ldd r30,Y+3
 308 0152 FC81      		ldd r31,Y+4
 309 0154 9587      		std Z+13,r25
 310 0156 8487      		std Z+12,r24
 311               	.LSM28:
 312 0158 D401      		movw r26,r8
 313 015a 5296      		adiw r26,18
 314 015c ED91      		ld r30,X+
 315 015e FC91      		ld r31,X
 316 0160 5397      		sbiw r26,18+1
 317 0162 C401      		movw r24,r8
 318 0164 B601      		movw r22,r12
 319 0166 0995      		icall
 320 0168 182F      		mov r17,r24
 321               	.LVL30:
 322               	.LSM29:
 323 016a 8091 0000 		lds r24,lwip_stats+26
 324 016e 9091 0000 		lds r25,(lwip_stats+26)+1
 325 0172 0196      		adiw r24,1
 326 0174 9093 0000 		sts (lwip_stats+26)+1,r25
 327 0178 8093 0000 		sts lwip_stats+26,r24
 328               	.LSM30:
 329 017c C601      		movw r24,r12
 330 017e 0E94 0000 		call pbuf_free
 331               	.L7:
 332               	.LSM31:
 333 0182 812F      		mov r24,r17
 334               	/* epilogue start */
 335 0184 0F90      		pop __tmp_reg__
 336 0186 0F90      		pop __tmp_reg__
 337 0188 0F90      		pop __tmp_reg__
 338 018a 0F90      		pop __tmp_reg__
 339 018c CF91      		pop r28
 340 018e DF91      		pop r29
 341 0190 1F91      		pop r17
 342               	.LVL31:
 343 0192 0F91      		pop r16
 344               	.LVL32:
 345 0194 FF90      		pop r15
 346 0196 EF90      		pop r14
 347               	.LVL33:
 348 0198 DF90      		pop r13
 349 019a CF90      		pop r12
 350               	.LVL34:
 351 019c BF90      		pop r11
 352 019e AF90      		pop r10
 353               	.LVL35:
 354 01a0 9F90      		pop r9
 355 01a2 8F90      		pop r8
 356               	.LVL36:
 357 01a4 7F90      		pop r7
 358 01a6 6F90      		pop r6
 359               	.LVL37:
 360 01a8 5F90      		pop r5
 361 01aa 4F90      		pop r4
 362               	.LVL38:
 363 01ac 3F90      		pop r3
 364 01ae 2F90      		pop r2
 365               	.LVL39:
 366 01b0 0895      		ret
 367               	.LFE12:
 369               		.section	.text.etharp_request,"ax",@progbits
 370               	.global	etharp_request
 372               	etharp_request:
 373               	.LFB13:
 374               	.LSM32:
 375               	.LVL40:
 376 0000 AF92      		push r10
 377 0002 BF92      		push r11
 378 0004 CF92      		push r12
 379 0006 DF92      		push r13
 380 0008 EF92      		push r14
 381 000a FF92      		push r15
 382 000c 0F93      		push r16
 383 000e 1F93      		push r17
 384               	/* prologue: function */
 385               	/* frame size = 0 */
 386 0010 8C01      		movw r16,r24
 387 0012 6B01      		movw r12,r22
 388               	.LSM33:
 389 0014 9C01      		movw r18,r24
 390 0016 255E      		subi r18,lo8(-(27))
 391 0018 3F4F      		sbci r19,hi8(-(27))
 392 001a B901      		movw r22,r18
 393               	.LVL41:
 394 001c 40E0      		ldi r20,lo8(ethbroadcast)
 395 001e 50E0      		ldi r21,hi8(ethbroadcast)
 396 0020 0E5F      		subi r16,lo8(-(2))
 397 0022 1F4F      		sbci r17,hi8(-(2))
 398               	.LVL42:
 399 0024 F0E0      		ldi r31,lo8(ethzero)
 400 0026 EF2E      		mov r14,r31
 401 0028 F0E0      		ldi r31,hi8(ethzero)
 402 002a FF2E      		mov r15,r31
 403 002c E1E0      		ldi r30,lo8(1)
 404 002e AE2E      		mov r10,r30
 405 0030 B12C      		mov r11,__zero_reg__
 406 0032 0E94 0000 		call etharp_raw
 407               	/* epilogue start */
 408               	.LSM34:
 409 0036 1F91      		pop r17
 410 0038 0F91      		pop r16
 411               	.LVL43:
 412 003a FF90      		pop r15
 413 003c EF90      		pop r14
 414 003e DF90      		pop r13
 415 0040 CF90      		pop r12
 416               	.LVL44:
 417 0042 BF90      		pop r11
 418 0044 AF90      		pop r10
 419 0046 0895      		ret
 420               	.LFE13:
 422               		.section	.text.free_etharp_q,"ax",@progbits
 424               	free_etharp_q:
 425               	.LFB2:
 426               	.LSM35:
 427               	.LVL45:
 428 0000 0F93      		push r16
 429 0002 1F93      		push r17
 430 0004 CF93      		push r28
 431 0006 DF93      		push r29
 432               	/* prologue: function */
 433               	/* frame size = 0 */
 434 0008 00C0      		rjmp .L19
 435               	.LVL46:
 436               	.L17:
 437               	.LSM36:
 438 000a 1881      		ld r17,Y
 439               	.LVL47:
 440 000c 0981      		ldd r16,Y+1
 441               	.LVL48:
 442               	.LSM37:
 443 000e 8A81      		ldd r24,Y+2
 444 0010 9B81      		ldd r25,Y+3
 445 0012 0E94 0000 		call pbuf_free
 446               	.LSM38:
 447 0016 85E0      		ldi r24,lo8(5)
 448 0018 BE01      		movw r22,r28
 449 001a 0E94 0000 		call memp_free
 450 001e 212F      		mov r18,r17
 451 0020 302F      		mov r19,r16
 452 0022 C901      		movw r24,r18
 453               	.LVL49:
 454               	.L19:
 455 0024 EC01      		movw r28,r24
 456               	.LSM39:
 457 0026 0097      		sbiw r24,0
 458 0028 01F4      		brne .L17
 459               	.LVL50:
 460               	/* epilogue start */
 461               	.LSM40:
 462 002a DF91      		pop r29
 463 002c CF91      		pop r28
 464 002e 1F91      		pop r17
 465 0030 0F91      		pop r16
 466 0032 0895      		ret
 467               	.LFE2:
 469               		.section	.text.find_entry,"ax",@progbits
 471               	find_entry:
 472               	.LFB4:
 473               	.LSM41:
 474               	.LVL51:
 475 0000 9F92      		push r9
 476 0002 AF92      		push r10
 477 0004 BF92      		push r11
 478 0006 CF92      		push r12
 479 0008 DF92      		push r13
 480 000a EF92      		push r14
 481 000c FF92      		push r15
 482 000e 0F93      		push r16
 483 0010 1F93      		push r17
 484 0012 CF93      		push r28
 485 0014 DF93      		push r29
 486               	/* prologue: function */
 487               	/* frame size = 0 */
 488 0016 6C01      		movw r12,r24
 489 0018 962E      		mov r9,r22
 490               	.LSM42:
 491 001a 0097      		sbiw r24,0
 492 001c 01F0      		breq .L21
 493               	.LVL52:
 494               	.LSM43:
 495 001e 7091 0000 		lds r23,etharp_cached_entry
 496 0022 E72F      		mov r30,r23
 497 0024 F0E0      		ldi r31,lo8(0)
 498 0026 54E0      		ldi r21,4
 499 0028 EE0F      	1:	lsl r30
 500 002a FF1F      		rol r31
 501 002c 5A95      		dec r21
 502 002e 01F4      		brne 1b
 503 0030 E050      		subi r30,lo8(-(arp_table))
 504 0032 F040      		sbci r31,hi8(-(arp_table))
 505 0034 8485      		ldd r24,Z+12
 506               	.LVL53:
 507 0036 8230      		cpi r24,lo8(2)
 508 0038 01F0      		breq .L22
 509               	.LVL54:
 510               	.L21:
 511 003a E0E0      		ldi r30,lo8(arp_table)
 512 003c F0E0      		ldi r31,hi8(arp_table)
 513 003e 4AE0      		ldi r20,lo8(10)
 514 0040 A42E      		mov r10,r20
 515               	.LVL55:
 516 0042 3AE0      		ldi r19,lo8(10)
 517 0044 B32E      		mov r11,r19
 518               	.LVL56:
 519 0046 2AE0      		ldi r18,lo8(10)
 520 0048 F22E      		mov r15,r18
 521               	.LVL57:
 522 004a 70E0      		ldi r23,lo8(0)
 523               	.LVL58:
 524 004c 60E0      		ldi r22,lo8(0)
 525               	.LVL59:
 526 004e 10E0      		ldi r17,lo8(0)
 527               	.LVL60:
 528 0050 9AE0      		ldi r25,lo8(10)
 529 0052 E92E      		mov r14,r25
 530               	.LVL61:
 531 0054 00E0      		ldi r16,lo8(0)
 532               	.LVL62:
 533 0056 00C0      		rjmp .L23
 534               	.LVL63:
 535               	.L22:
 536               	.LSM44:
 537 0058 D601      		movw r26,r12
 538 005a 2D91      		ld r18,X+
 539 005c 3D91      		ld r19,X+
 540 005e 4D91      		ld r20,X+
 541 0060 5C91      		ld r21,X
 542 0062 8281      		ldd r24,Z+2
 543 0064 9381      		ldd r25,Z+3
 544 0066 A481      		ldd r26,Z+4
 545 0068 B581      		ldd r27,Z+5
 546 006a 2817      		cp r18,r24
 547 006c 3907      		cpc r19,r25
 548 006e 4A07      		cpc r20,r26
 549 0070 5B07      		cpc r21,r27
 550 0072 01F4      		brne .L21
 551               	.LSM45:
 552 0074 8091 0000 		lds r24,lwip_stats+50
 553 0078 9091 0000 		lds r25,(lwip_stats+50)+1
 554 007c 0196      		adiw r24,1
 555 007e 9093 0000 		sts (lwip_stats+50)+1,r25
 556 0082 8093 0000 		sts lwip_stats+50,r24
 557 0086 00C0      		rjmp .L43
 558               	.LVL64:
 559               	.L32:
 560               	.LSM46:
 561 0088 622F      		mov r22,r18
 562 008a 8C01      		movw r16,r24
 563               	.LVL65:
 564               	.L23:
 565               	.LSM47:
 566 008c BAE0      		ldi r27,lo8(10)
 567 008e FB16      		cp r15,r27
 568 0090 01F4      		brne .L25
 569 0092 8485      		ldd r24,Z+12
 570 0094 8823      		tst r24
 571 0096 01F4      		brne .L25
 572 0098 F72E      		mov r15,r23
 573 009a 00C0      		rjmp .L30
 574               	.LVL66:
 575               	.L25:
 576               	.LSM48:
 577 009c 8485      		ldd r24,Z+12
 578 009e 8130      		cpi r24,lo8(1)
 579 00a0 01F4      		brne .L27
 580               	.LSM49:
 581 00a2 C114      		cp r12,__zero_reg__
 582 00a4 D104      		cpc r13,__zero_reg__
 583 00a6 01F0      		breq .L28
 584 00a8 D601      		movw r26,r12
 585 00aa 2D91      		ld r18,X+
 586 00ac 3D91      		ld r19,X+
 587 00ae 4D91      		ld r20,X+
 588 00b0 5C91      		ld r21,X
 589 00b2 8281      		ldd r24,Z+2
 590 00b4 9381      		ldd r25,Z+3
 591 00b6 A481      		ldd r26,Z+4
 592 00b8 B581      		ldd r27,Z+5
 593 00ba 2817      		cp r18,r24
 594 00bc 3907      		cpc r19,r25
 595 00be 4A07      		cpc r20,r26
 596 00c0 5B07      		cpc r21,r27
 597 00c2 01F0      		breq .L42
 598               	.LVL67:
 599               	.L28:
 600               	.LSM50:
 601 00c4 8081      		ld r24,Z
 602 00c6 9181      		ldd r25,Z+1
 603 00c8 2585      		ldd r18,Z+13
 604               	.LVL68:
 605 00ca 892B      		or r24,r25
 606 00cc 01F0      		breq .L29
 607               	.LSM51:
 608 00ce 822F      		mov r24,r18
 609               	.LVL69:
 610 00d0 2017      		cp r18,r16
 611 00d2 00F0      		brlo .L30
 612               	.LVL70:
 613 00d4 E72E      		mov r14,r23
 614 00d6 262F      		mov r18,r22
 615 00d8 912F      		mov r25,r17
 616 00da 00C0      		rjmp .L26
 617               	.LVL71:
 618               	.L29:
 619               	.LSM52:
 620 00dc 2617      		cp r18,r22
 621 00de 00F0      		brlo .L30
 622               	.LVL72:
 623 00e0 A72E      		mov r10,r23
 624 00e2 00C0      		rjmp .L44
 625               	.L27:
 626               	.LSM53:
 627 00e4 8230      		cpi r24,lo8(2)
 628 00e6 01F4      		brne .L30
 629               	.LSM54:
 630 00e8 C114      		cp r12,__zero_reg__
 631 00ea D104      		cpc r13,__zero_reg__
 632 00ec 01F0      		breq .L31
 633 00ee D601      		movw r26,r12
 634 00f0 2D91      		ld r18,X+
 635 00f2 3D91      		ld r19,X+
 636 00f4 4D91      		ld r20,X+
 637 00f6 5C91      		ld r21,X
 638 00f8 8281      		ldd r24,Z+2
 639 00fa 9381      		ldd r25,Z+3
 640 00fc A481      		ldd r26,Z+4
 641 00fe B581      		ldd r27,Z+5
 642 0100 2817      		cp r18,r24
 643 0102 3907      		cpc r19,r25
 644 0104 4A07      		cpc r20,r26
 645 0106 5B07      		cpc r21,r27
 646 0108 01F4      		brne .L31
 647               	.L42:
 648               	.LSM55:
 649 010a 7093 0000 		sts etharp_cached_entry,r23
 650               	.LVL73:
 651               	.L43:
 652               	.LSM56:
 653 010e 872F      		mov r24,r23
 654 0110 00C0      		rjmp .L24
 655               	.LVL74:
 656               	.L31:
 657               	.LSM57:
 658 0112 9585      		ldd r25,Z+13
 659               	.LVL75:
 660 0114 9117      		cp r25,r17
 661 0116 00F0      		brlo .L30
 662               	.LVL76:
 663 0118 B72E      		mov r11,r23
 664 011a 262F      		mov r18,r22
 665 011c 00C0      		rjmp .L41
 666               	.LVL77:
 667               	.L30:
 668 011e 262F      		mov r18,r22
 669               	.L44:
 670 0120 912F      		mov r25,r17
 671               	.LVL78:
 672               	.L41:
 673 0122 802F      		mov r24,r16
 674               	.LVL79:
 675               	.L26:
 676               	.LSM58:
 677 0124 7F5F      		subi r23,lo8(-(1))
 678 0126 7096      		adiw r30,16
 679 0128 7A30      		cpi r23,lo8(10)
 680 012a 01F0      		breq .+2
 681 012c 00C0      		rjmp .L32
 682               	.LSM59:
 683 012e BAE0      		ldi r27,lo8(10)
 684 0130 FB16      		cp r15,r27
 685 0132 01F4      		brne .L33
 686 0134 90FE      		sbrs r9,0
 687 0136 00C0      		rjmp .L34
 688               	.L33:
 689 0138 91FC      		sbrc r9,1
 690 013a 00C0      		rjmp .L34
 691               	.LSM60:
 692 013c EAE0      		ldi r30,lo8(10)
 693 013e FE16      		cp r15,r30
 694 0140 01F4      		brne .L36
 695               	.LSM61:
 696 0142 FAE0      		ldi r31,lo8(10)
 697 0144 BF16      		cp r11,r31
 698 0146 01F0      		breq .L37
 699               	.LSM62:
 700 0148 FB2C      		mov r15,r11
 701               	.LVL80:
 702 014a 00C0      		rjmp .L36
 703               	.LVL81:
 704               	.L37:
 705               	.LSM63:
 706 014c 8AE0      		ldi r24,lo8(10)
 707               	.LVL82:
 708 014e A816      		cp r10,r24
 709 0150 01F0      		breq .L38
 710               	.LSM64:
 711 0152 FA2C      		mov r15,r10
 712               	.LVL83:
 713 0154 00C0      		rjmp .L36
 714               	.LVL84:
 715               	.L38:
 716               	.LSM65:
 717 0156 AAE0      		ldi r26,lo8(10)
 718 0158 EA16      		cp r14,r26
 719 015a 01F0      		breq .L34
 720               	.LSM66:
 721 015c FE2C      		mov r15,r14
 722               	.LVL85:
 723               	.LSM67:
 724 015e 0E2D      		mov r16,r14
 725               	.LVL86:
 726 0160 10E0      		ldi r17,lo8(0)
 727 0162 84E0      		ldi r24,4
 728 0164 000F      	1:	lsl r16
 729 0166 111F      		rol r17
 730 0168 8A95      		dec r24
 731 016a 01F4      		brne 1b
 732 016c 0050      		subi r16,lo8(-(arp_table))
 733 016e 1040      		sbci r17,hi8(-(arp_table))
 734 0170 F801      		movw r30,r16
 735 0172 8081      		ld r24,Z
 736 0174 9181      		ldd r25,Z+1
 737 0176 0E94 0000 		call free_etharp_q
 738               	.LVL87:
 739               	.LSM68:
 740 017a D801      		movw r26,r16
 741 017c 1D92      		st X+,__zero_reg__
 742 017e 1C92      		st X,__zero_reg__
 743               	.LVL88:
 744               	.L36:
 745               	.LSM69:
 746 0180 CF2D      		mov r28,r15
 747 0182 D0E0      		ldi r29,lo8(0)
 748 0184 FE01      		movw r30,r28
 749 0186 B4E0      		ldi r27,4
 750 0188 EE0F      	1:	lsl r30
 751 018a FF1F      		rol r31
 752 018c BA95      		dec r27
 753 018e 01F4      		brne 1b
 754 0190 E050      		subi r30,lo8(-(arp_table))
 755 0192 F040      		sbci r31,hi8(-(arp_table))
 756 0194 1486      		std Z+12,__zero_reg__
 757               	.LSM70:
 758 0196 C114      		cp r12,__zero_reg__
 759 0198 D104      		cpc r13,__zero_reg__
 760 019a 01F0      		breq .L39
 761               	.LSM71:
 762 019c D601      		movw r26,r12
 763 019e 2D91      		ld r18,X+
 764 01a0 3D91      		ld r19,X+
 765 01a2 4D91      		ld r20,X+
 766 01a4 5C91      		ld r21,X
 767               	.LVL89:
 768 01a6 2283      		std Z+2,r18
 769 01a8 3383      		std Z+3,r19
 770 01aa 4483      		std Z+4,r20
 771 01ac 5583      		std Z+5,r21
 772               	.LVL90:
 773               	.L39:
 774               	.LSM72:
 775 01ae A4E0      		ldi r26,4
 776 01b0 CC0F      	1:	lsl r28
 777 01b2 DD1F      		rol r29
 778 01b4 AA95      		dec r26
 779 01b6 01F4      		brne 1b
 780 01b8 C050      		subi r28,lo8(-(arp_table))
 781 01ba D040      		sbci r29,hi8(-(arp_table))
 782 01bc 1D86      		std Y+13,__zero_reg__
 783               	.LSM73:
 784 01be F092 0000 		sts etharp_cached_entry,r15
 785               	.LSM74:
 786 01c2 8F2D      		mov r24,r15
 787 01c4 00C0      		rjmp .L24
 788               	.LVL91:
 789               	.L34:
 790 01c6 8FEF      		ldi r24,lo8(-1)
 791               	.LVL92:
 792               	.L24:
 793               	/* epilogue start */
 794               	.LSM75:
 795 01c8 DF91      		pop r29
 796 01ca CF91      		pop r28
 797 01cc 1F91      		pop r17
 798 01ce 0F91      		pop r16
 799               	.LVL93:
 800 01d0 FF90      		pop r15
 801               	.LVL94:
 802 01d2 EF90      		pop r14
 803               	.LVL95:
 804 01d4 DF90      		pop r13
 805 01d6 CF90      		pop r12
 806               	.LVL96:
 807 01d8 BF90      		pop r11
 808               	.LVL97:
 809 01da AF90      		pop r10
 810               	.LVL98:
 811 01dc 9F90      		pop r9
 812               	.LVL99:
 813 01de 0895      		ret
 814               	.LFE4:
 816               		.section	.text.etharp_query,"ax",@progbits
 817               	.global	etharp_query
 819               	etharp_query:
 820               	.LFB11:
 821               	.LSM76:
 822               	.LVL100:
 823 0000 6F92      		push r6
 824 0002 7F92      		push r7
 825 0004 8F92      		push r8
 826 0006 9F92      		push r9
 827 0008 AF92      		push r10
 828 000a BF92      		push r11
 829 000c CF92      		push r12
 830 000e DF92      		push r13
 831 0010 EF92      		push r14
 832 0012 FF92      		push r15
 833 0014 0F93      		push r16
 834 0016 1F93      		push r17
 835 0018 CF93      		push r28
 836 001a DF93      		push r29
 837               	/* prologue: function */
 838               	/* frame size = 0 */
 839 001c 3C01      		movw r6,r24
 840 001e 4B01      		movw r8,r22
 841 0020 EA01      		movw r28,r20
 842               	.LSM77:
 843 0022 CB01      		movw r24,r22
 844               	.LVL101:
 845 0024 B301      		movw r22,r6
 846               	.LVL102:
 847 0026 0E94 0000 		call ip_addr_isbroadcast
 848               	.LVL103:
 849 002a 8823      		tst r24
 850 002c 01F0      		breq .+2
 851 002e 00C0      		rjmp .L46
 852 0030 F401      		movw r30,r8
 853 0032 E080      		ld r14,Z
 854 0034 F180      		ldd r15,Z+1
 855 0036 0281      		ldd r16,Z+2
 856 0038 1381      		ldd r17,Z+3
 857 003a 60E0      		ldi r22,lo8(-268435456)
 858 003c 70E0      		ldi r23,hi8(-268435456)
 859 003e 80E0      		ldi r24,hlo8(-268435456)
 860 0040 90EF      		ldi r25,hhi8(-268435456)
 861 0042 0E94 0000 		call ntohl
 862 0046 5B01      		movw r10,r22
 863 0048 6C01      		movw r12,r24
 864 004a 60E0      		ldi r22,lo8(-536870912)
 865 004c 70E0      		ldi r23,hi8(-536870912)
 866 004e 80E0      		ldi r24,hlo8(-536870912)
 867 0050 90EE      		ldi r25,hhi8(-536870912)
 868 0052 0E94 0000 		call ntohl
 869 0056 EA20      		and r14,r10
 870 0058 FB20      		and r15,r11
 871 005a 0C21      		and r16,r12
 872 005c 1D21      		and r17,r13
 873 005e E616      		cp r14,r22
 874 0060 F706      		cpc r15,r23
 875 0062 0807      		cpc r16,r24
 876 0064 1907      		cpc r17,r25
 877 0066 01F4      		brne .+2
 878 0068 00C0      		rjmp .L46
 879 006a 8114      		cp r8,__zero_reg__
 880 006c 9104      		cpc r9,__zero_reg__
 881 006e 01F4      		brne .+2
 882 0070 00C0      		rjmp .L46
 883 0072 F401      		movw r30,r8
 884 0074 8081      		ld r24,Z
 885 0076 9181      		ldd r25,Z+1
 886 0078 A281      		ldd r26,Z+2
 887 007a B381      		ldd r27,Z+3
 888 007c 0097      		sbiw r24,0
 889 007e A105      		cpc r26,__zero_reg__
 890 0080 B105      		cpc r27,__zero_reg__
 891 0082 01F4      		brne .+2
 892 0084 00C0      		rjmp .L46
 893               	.LSM78:
 894 0086 C401      		movw r24,r8
 895 0088 61E0      		ldi r22,lo8(1)
 896 008a 0E94 0000 		call find_entry
 897 008e E82F      		mov r30,r24
 898               	.LVL104:
 899               	.LSM79:
 900 0090 87FF      		sbrs r24,7
 901 0092 00C0      		rjmp .L47
 902               	.LVL105:
 903               	.LSM80:
 904 0094 CD2B      		or r28,r29
 905 0096 01F4      		brne .+2
 906 0098 00C0      		rjmp .L48
 907               	.LSM81:
 908 009a 8091 0000 		lds r24,lwip_stats+40
 909 009e 9091 0000 		lds r25,(lwip_stats+40)+1
 910               	.LVL106:
 911 00a2 0196      		adiw r24,1
 912 00a4 9093 0000 		sts (lwip_stats+40)+1,r25
 913 00a8 8093 0000 		sts lwip_stats+40,r24
 914 00ac 00C0      		rjmp .L48
 915               	.LVL107:
 916               	.L47:
 917               	.LSM82:
 918 00ae E82E      		mov r14,r24
 919 00b0 FF24      		clr r15
 920 00b2 E7FC      		sbrc r14,7
 921 00b4 F094      		com r15
 922 00b6 F701      		movw r30,r14
 923 00b8 B4E0      		ldi r27,4
 924 00ba EE0F      	1:	lsl r30
 925 00bc FF1F      		rol r31
 926 00be BA95      		dec r27
 927 00c0 01F4      		brne 1b
 928 00c2 E050      		subi r30,lo8(-(arp_table))
 929 00c4 F040      		sbci r31,hi8(-(arp_table))
 930 00c6 8485      		ldd r24,Z+12
 931               	.LVL108:
 932 00c8 8823      		tst r24
 933 00ca 01F4      		brne .L49
 934               	.LSM83:
 935 00cc 81E0      		ldi r24,lo8(1)
 936 00ce 8487      		std Z+12,r24
 937               	.L49:
 938               	.LSM84:
 939 00d0 F701      		movw r30,r14
 940 00d2 A4E0      		ldi r26,4
 941 00d4 EE0F      	1:	lsl r30
 942 00d6 FF1F      		rol r31
 943 00d8 AA95      		dec r26
 944 00da 01F4      		brne 1b
 945 00dc E050      		subi r30,lo8(-(arp_table))
 946 00de F040      		sbci r31,hi8(-(arp_table))
 947 00e0 8485      		ldd r24,Z+12
 948 00e2 8130      		cpi r24,lo8(1)
 949 00e4 01F0      		breq .L50
 950 00e6 2097      		sbiw r28,0
 951 00e8 01F0      		breq .L50
 952 00ea AA24      		clr r10
 953 00ec AA94      		dec r10
 954               	.LVL109:
 955 00ee 00C0      		rjmp .L51
 956               	.LVL110:
 957               	.L50:
 958               	.LSM85:
 959 00f0 C301      		movw r24,r6
 960 00f2 B401      		movw r22,r8
 961 00f4 0E94 0000 		call etharp_request
 962 00f8 A82E      		mov r10,r24
 963               	.LVL111:
 964               	.LSM86:
 965 00fa 2097      		sbiw r28,0
 966 00fc 01F4      		brne .+2
 967 00fe 00C0      		rjmp .L52
 968               	.L51:
 969               	.LSM87:
 970 0100 9701      		movw r18,r14
 971 0102 74E0      		ldi r23,4
 972 0104 220F      	1:	lsl r18
 973 0106 331F      		rol r19
 974 0108 7A95      		dec r23
 975 010a 01F4      		brne 1b
 976 010c F901      		movw r30,r18
 977 010e E050      		subi r30,lo8(-(arp_table))
 978 0110 F040      		sbci r31,hi8(-(arp_table))
 979 0112 8485      		ldd r24,Z+12
 980 0114 8230      		cpi r24,lo8(2)
 981 0116 01F4      		brne .L53
 982               	.LSM88:
 983 0118 2050      		subi r18,lo8(-(arp_table+6))
 984 011a 3040      		sbci r19,hi8(-(arp_table+6))
 985 011c C301      		movw r24,r6
 986 011e BE01      		movw r22,r28
 987 0120 4BE1      		ldi r20,lo8(27)
 988 0122 50E0      		ldi r21,hi8(27)
 989 0124 640E      		add r6,r20
 990 0126 751E      		adc r7,r21
 991 0128 A301      		movw r20,r6
 992 012a 0E94 0000 		call etharp_send_ip
 993 012e E82F      		mov r30,r24
 994               	.LVL112:
 995 0130 00C0      		rjmp .L48
 996               	.LVL113:
 997               	.L53:
 998               	.LSM89:
 999 0132 8130      		cpi r24,lo8(1)
 1000 0134 01F0      		breq .+2
 1001 0136 00C0      		rjmp .L52
 1002 0138 FE01      		movw r30,r28
 1003               	.LVL114:
 1004               	.L55:
 1005               	.LBB2:
 1006               	.LSM90:
 1007 013a 8085      		ldd r24,Z+8
 1008 013c 8130      		cpi r24,lo8(1)
 1009 013e 01F4      		brne .L54
 1010               	.LSM91:
 1011 0140 0190      		ld __tmp_reg__,Z+
 1012 0142 F081      		ld r31,Z
 1013 0144 E02D      		mov r30,__tmp_reg__
 1014               	.LSM92:
 1015 0146 3097      		sbiw r30,0
 1016 0148 01F4      		brne .L55
 1017 014a 00C0      		rjmp .L67
 1018               	.L54:
 1019               	.LSM93:
 1020 014c 6481      		ldd r22,Z+4
 1021 014e 7581      		ldd r23,Z+5
 1022 0150 83E0      		ldi r24,lo8(3)
 1023 0152 40E0      		ldi r20,lo8(0)
 1024 0154 0E94 0000 		call pbuf_alloc
 1025               	.LVL115:
 1026 0158 8C01      		movw r16,r24
 1027               	.LVL116:
 1028               	.LSM94:
 1029 015a 0097      		sbiw r24,0
 1030 015c 01F4      		brne .+2
 1031 015e 00C0      		rjmp .L57
 1032               	.LVL117:
 1033               	.LSM95:
 1034 0160 BE01      		movw r22,r28
 1035 0162 0E94 0000 		call pbuf_copy
 1036               	.LVL118:
 1037 0166 8823      		tst r24
 1038 0168 01F0      		breq .L58
 1039               	.LSM96:
 1040 016a C801      		movw r24,r16
 1041 016c 0E94 0000 		call pbuf_free
 1042 0170 00C0      		rjmp .L57
 1043               	.L58:
 1044               	.LBB3:
 1045               	.LSM97:
 1046 0172 85E0      		ldi r24,lo8(5)
 1047 0174 0E94 0000 		call memp_malloc
 1048 0178 EC01      		movw r28,r24
 1049               	.LVL119:
 1050               	.LSM98:
 1051 017a 0097      		sbiw r24,0
 1052               	.LVL120:
 1053 017c 01F0      		breq .L59
 1054               	.LSM99:
 1055 017e 1982      		std Y+1,__zero_reg__
 1056 0180 1882      		st Y,__zero_reg__
 1057               	.LSM100:
 1058 0182 1B83      		std Y+3,r17
 1059 0184 0A83      		std Y+2,r16
 1060               	.LSM101:
 1061 0186 F701      		movw r30,r14
 1062 0188 64E0      		ldi r22,4
 1063 018a EE0F      	1:	lsl r30
 1064 018c FF1F      		rol r31
 1065 018e 6A95      		dec r22
 1066 0190 01F4      		brne 1b
 1067 0192 E050      		subi r30,lo8(-(arp_table))
 1068 0194 F040      		sbci r31,hi8(-(arp_table))
 1069 0196 A081      		ld r26,Z
 1070 0198 B181      		ldd r27,Z+1
 1071               	.LVL121:
 1072 019a 1097      		sbiw r26,0
 1073 019c 01F0      		breq .L60
 1074               	.LVL122:
 1075               	.L63:
 1076               	.LBB4:
 1077               	.LSM102:
 1078 019e CD01      		movw r24,r26
 1079               	.LVL123:
 1080 01a0 0D90      		ld __tmp_reg__,X+
 1081 01a2 BC91      		ld r27,X
 1082 01a4 A02D      		mov r26,__tmp_reg__
 1083               	.LVL124:
 1084 01a6 1097      		sbiw r26,0
 1085 01a8 01F4      		brne .L63
 1086 01aa FC01      		movw r30,r24
 1087               	.LVL125:
 1088               	.L60:
 1089               	.LBE4:
 1090               	.LSM103:
 1091 01ac D183      		std Z+1,r29
 1092 01ae C083      		st Z,r28
 1093 01b0 E0E0      		ldi r30,lo8(0)
 1094               	.LVL126:
 1095 01b2 00C0      		rjmp .L48
 1096               	.LVL127:
 1097               	.L59:
 1098               	.LSM104:
 1099 01b4 C801      		movw r24,r16
 1100               	.LVL128:
 1101 01b6 0E94 0000 		call pbuf_free
 1102 01ba 00C0      		rjmp .L52
 1103               	.LVL129:
 1104               	.L46:
 1105 01bc E7EF      		ldi r30,lo8(-9)
 1106               	.LVL130:
 1107 01be 00C0      		rjmp .L48
 1108               	.LVL131:
 1109               	.L52:
 1110 01c0 EA2D      		mov r30,r10
 1111               	.LVL132:
 1112               	.L48:
 1113               	.LBE3:
 1114               	.LBE2:
 1115               	.LSM105:
 1116 01c2 8E2F      		mov r24,r30
 1117               	/* epilogue start */
 1118 01c4 DF91      		pop r29
 1119 01c6 CF91      		pop r28
 1120               	.LVL133:
 1121 01c8 1F91      		pop r17
 1122 01ca 0F91      		pop r16
 1123               	.LVL134:
 1124 01cc FF90      		pop r15
 1125 01ce EF90      		pop r14
 1126 01d0 DF90      		pop r13
 1127 01d2 CF90      		pop r12
 1128 01d4 BF90      		pop r11
 1129 01d6 AF90      		pop r10
 1130               	.LVL135:
 1131 01d8 9F90      		pop r9
 1132 01da 8F90      		pop r8
 1133               	.LVL136:
 1134 01dc 7F90      		pop r7
 1135 01de 6F90      		pop r6
 1136               	.LVL137:
 1137 01e0 0895      		ret
 1138               	.LVL138:
 1139               	.L67:
 1140               	.LBB5:
 1141               	.LSM106:
 1142 01e2 CE01      		movw r24,r28
 1143 01e4 0E94 0000 		call pbuf_ref
 1144               	.LVL139:
 1145 01e8 8E01      		movw r16,r28
 1146               	.LVL140:
 1147 01ea 00C0      		rjmp .L58
 1148               	.LVL141:
 1149               	.L57:
 1150               	.LSM107:
 1151 01ec 8091 0000 		lds r24,lwip_stats+40
 1152 01f0 9091 0000 		lds r25,(lwip_stats+40)+1
 1153 01f4 0196      		adiw r24,1
 1154 01f6 9093 0000 		sts (lwip_stats+40)+1,r25
 1155 01fa 8093 0000 		sts lwip_stats+40,r24
 1156 01fe 00C0      		rjmp .L52
 1157               	.LBE5:
 1158               	.LFE11:
 1160               		.section	.text.etharp_output,"ax",@progbits
 1161               	.global	etharp_output
 1163               	etharp_output:
 1164               	.LFB10:
 1165               	.LSM108:
 1166               	.LVL142:
 1167 0000 4F92      		push r4
 1168 0002 5F92      		push r5
 1169 0004 6F92      		push r6
 1170 0006 7F92      		push r7
 1171 0008 8F92      		push r8
 1172 000a 9F92      		push r9
 1173 000c AF92      		push r10
 1174 000e BF92      		push r11
 1175 0010 CF92      		push r12
 1176 0012 DF92      		push r13
 1177 0014 EF92      		push r14
 1178 0016 FF92      		push r15
 1179 0018 0F93      		push r16
 1180 001a 1F93      		push r17
 1181 001c DF93      		push r29
 1182 001e CF93      		push r28
 1183 0020 00D0      		rcall .
 1184 0022 00D0      		rcall .
 1185 0024 00D0      		rcall .
 1186 0026 CDB7      		in r28,__SP_L__
 1187 0028 DEB7      		in r29,__SP_H__
 1188               	/* prologue: function */
 1189               	/* frame size = 6 */
 1190 002a 3C01      		movw r6,r24
 1191 002c 2B01      		movw r4,r22
 1192 002e 4A01      		movw r8,r20
 1193               	.LSM109:
 1194 0030 CB01      		movw r24,r22
 1195               	.LVL143:
 1196 0032 6EE0      		ldi r22,lo8(14)
 1197 0034 70E0      		ldi r23,hi8(14)
 1198               	.LVL144:
 1199 0036 0E94 0000 		call pbuf_header
 1200               	.LVL145:
 1201 003a 8823      		tst r24
 1202 003c 01F0      		breq .L69
 1203               	.LSM110:
 1204 003e 8091 0000 		lds r24,lwip_stats+12
 1205 0042 9091 0000 		lds r25,(lwip_stats+12)+1
 1206 0046 0196      		adiw r24,1
 1207 0048 9093 0000 		sts (lwip_stats+12)+1,r25
 1208 004c 8093 0000 		sts lwip_stats+12,r24
 1209 0050 8EEF      		ldi r24,lo8(-2)
 1210 0052 00C0      		rjmp .L70
 1211               	.L69:
 1212               	.LSM111:
 1213 0054 C401      		movw r24,r8
 1214 0056 B301      		movw r22,r6
 1215 0058 0E94 0000 		call ip_addr_isbroadcast
 1216 005c 8823      		tst r24
 1217 005e 01F0      		breq .L71
 1218               	.LSM112:
 1219 0060 20E0      		ldi r18,lo8(ethbroadcast)
 1220 0062 30E0      		ldi r19,hi8(ethbroadcast)
 1221               	.LVL146:
 1222 0064 00C0      		rjmp .L72
 1223               	.LVL147:
 1224               	.L71:
 1225               	.LSM113:
 1226 0066 F401      		movw r30,r8
 1227 0068 E080      		ld r14,Z
 1228 006a F180      		ldd r15,Z+1
 1229 006c 0281      		ldd r16,Z+2
 1230 006e 1381      		ldd r17,Z+3
 1231 0070 60E0      		ldi r22,lo8(-268435456)
 1232 0072 70E0      		ldi r23,hi8(-268435456)
 1233 0074 80E0      		ldi r24,hlo8(-268435456)
 1234 0076 90EF      		ldi r25,hhi8(-268435456)
 1235 0078 0E94 0000 		call ntohl
 1236 007c 5B01      		movw r10,r22
 1237 007e 6C01      		movw r12,r24
 1238 0080 60E0      		ldi r22,lo8(-536870912)
 1239 0082 70E0      		ldi r23,hi8(-536870912)
 1240 0084 80E0      		ldi r24,hlo8(-536870912)
 1241 0086 90EE      		ldi r25,hhi8(-536870912)
 1242 0088 0E94 0000 		call ntohl
 1243 008c EA20      		and r14,r10
 1244 008e FB20      		and r15,r11
 1245 0090 0C21      		and r16,r12
 1246 0092 1D21      		and r17,r13
 1247 0094 E616      		cp r14,r22
 1248 0096 F706      		cpc r15,r23
 1249 0098 0807      		cpc r16,r24
 1250 009a 1907      		cpc r17,r25
 1251 009c 01F4      		brne .L73
 1252               	.LSM114:
 1253 009e 81E0      		ldi r24,lo8(1)
 1254 00a0 8983      		std Y+1,r24
 1255               	.LSM115:
 1256 00a2 1A82      		std Y+2,__zero_reg__
 1257               	.LSM116:
 1258 00a4 8EE5      		ldi r24,lo8(94)
 1259 00a6 8B83      		std Y+3,r24
 1260               	.LSM117:
 1261 00a8 F401      		movw r30,r8
 1262 00aa 6081      		ld r22,Z
 1263 00ac 7181      		ldd r23,Z+1
 1264 00ae 8281      		ldd r24,Z+2
 1265 00b0 9381      		ldd r25,Z+3
 1266 00b2 0E94 0000 		call ntohl
 1267 00b6 BC01      		movw r22,r24
 1268 00b8 8827      		clr r24
 1269 00ba 9927      		clr r25
 1270 00bc 6F77      		andi r22,lo8(127)
 1271 00be 6C83      		std Y+4,r22
 1272               	.LSM118:
 1273 00c0 F401      		movw r30,r8
 1274 00c2 6081      		ld r22,Z
 1275 00c4 7181      		ldd r23,Z+1
 1276 00c6 8281      		ldd r24,Z+2
 1277 00c8 9381      		ldd r25,Z+3
 1278 00ca 0E94 0000 		call ntohl
 1279 00ce 672F      		mov r22,r23
 1280 00d0 782F      		mov r23,r24
 1281 00d2 892F      		mov r24,r25
 1282 00d4 9927      		clr r25
 1283 00d6 6D83      		std Y+5,r22
 1284               	.LSM119:
 1285 00d8 F401      		movw r30,r8
 1286 00da 6081      		ld r22,Z
 1287 00dc 7181      		ldd r23,Z+1
 1288 00de 8281      		ldd r24,Z+2
 1289 00e0 9381      		ldd r25,Z+3
 1290 00e2 0E94 0000 		call ntohl
 1291 00e6 6E83      		std Y+6,r22
 1292 00e8 9E01      		movw r18,r28
 1293               	.LVL148:
 1294 00ea 2F5F      		subi r18,lo8(-(1))
 1295 00ec 3F4F      		sbci r19,hi8(-(1))
 1296 00ee 00C0      		rjmp .L72
 1297               	.LVL149:
 1298               	.L73:
 1299               	.LSM120:
 1300 00f0 F301      		movw r30,r6
 1301 00f2 8281      		ldd r24,Z+2
 1302 00f4 9381      		ldd r25,Z+3
 1303 00f6 A481      		ldd r26,Z+4
 1304 00f8 B581      		ldd r27,Z+5
 1305 00fa F401      		movw r30,r8
 1306 00fc 2081      		ld r18,Z
 1307 00fe 3181      		ldd r19,Z+1
 1308 0100 4281      		ldd r20,Z+2
 1309 0102 5381      		ldd r21,Z+3
 1310 0104 8227      		eor r24,r18
 1311 0106 9327      		eor r25,r19
 1312 0108 A427      		eor r26,r20
 1313 010a B527      		eor r27,r21
 1314 010c F301      		movw r30,r6
 1315 010e 2681      		ldd r18,Z+6
 1316 0110 3781      		ldd r19,Z+7
 1317 0112 4085      		ldd r20,Z+8
 1318 0114 5185      		ldd r21,Z+9
 1319 0116 8223      		and r24,r18
 1320 0118 9323      		and r25,r19
 1321 011a A423      		and r26,r20
 1322 011c B523      		and r27,r21
 1323 011e 0097      		sbiw r24,0
 1324 0120 A105      		cpc r26,__zero_reg__
 1325 0122 B105      		cpc r27,__zero_reg__
 1326 0124 01F0      		breq .L74
 1327               	.LSM121:
 1328 0126 8285      		ldd r24,Z+10
 1329 0128 9385      		ldd r25,Z+11
 1330 012a A485      		ldd r26,Z+12
 1331 012c B585      		ldd r27,Z+13
 1332 012e 0097      		sbiw r24,0
 1333 0130 A105      		cpc r26,__zero_reg__
 1334 0132 B105      		cpc r27,__zero_reg__
 1335 0134 01F4      		brne .L75
 1336 0136 8DEF      		ldi r24,lo8(-3)
 1337 0138 00C0      		rjmp .L70
 1338               	.L75:
 1339               	.LSM122:
 1340 013a 1AE0      		ldi r17,lo8(10)
 1341 013c 812E      		mov r8,r17
 1342 013e 912C      		mov r9,__zero_reg__
 1343 0140 860C      		add r8,r6
 1344 0142 971C      		adc r9,r7
 1345               	.L74:
 1346               	.LSM123:
 1347 0144 C301      		movw r24,r6
 1348 0146 B401      		movw r22,r8
 1349 0148 A201      		movw r20,r4
 1350 014a 0E94 0000 		call etharp_query
 1351 014e 00C0      		rjmp .L70
 1352               	.LVL150:
 1353               	.L72:
 1354               	.LSM124:
 1355 0150 C301      		movw r24,r6
 1356 0152 B201      		movw r22,r4
 1357 0154 4BE1      		ldi r20,lo8(27)
 1358 0156 50E0      		ldi r21,hi8(27)
 1359 0158 640E      		add r6,r20
 1360 015a 751E      		adc r7,r21
 1361 015c A301      		movw r20,r6
 1362 015e 0E94 0000 		call etharp_send_ip
 1363               	.LVL151:
 1364               	.L70:
 1365               	/* epilogue start */
 1366               	.LSM125:
 1367 0162 2696      		adiw r28,6
 1368 0164 0FB6      		in __tmp_reg__,__SREG__
 1369 0166 F894      		cli
 1370 0168 DEBF      		out __SP_H__,r29
 1371 016a 0FBE      		out __SREG__,__tmp_reg__
 1372 016c CDBF      		out __SP_L__,r28
 1373 016e CF91      		pop r28
 1374 0170 DF91      		pop r29
 1375 0172 1F91      		pop r17
 1376 0174 0F91      		pop r16
 1377 0176 FF90      		pop r15
 1378 0178 EF90      		pop r14
 1379 017a DF90      		pop r13
 1380 017c CF90      		pop r12
 1381 017e BF90      		pop r11
 1382 0180 AF90      		pop r10
 1383 0182 9F90      		pop r9
 1384 0184 8F90      		pop r8
 1385               	.LVL152:
 1386 0186 7F90      		pop r7
 1387 0188 6F90      		pop r6
 1388               	.LVL153:
 1389 018a 5F90      		pop r5
 1390 018c 4F90      		pop r4
 1391               	.LVL154:
 1392 018e 0895      		ret
 1393               	.LFE10:
 1395               		.section	.text.etharp_find_addr,"ax",@progbits
 1396               	.global	etharp_find_addr
 1398               	etharp_find_addr:
 1399               	.LFB7:
 1400               	.LSM126:
 1401               	.LVL155:
 1402 0000 0F93      		push r16
 1403 0002 1F93      		push r17
 1404 0004 CF93      		push r28
 1405 0006 DF93      		push r29
 1406               	/* prologue: function */
 1407               	/* frame size = 0 */
 1408 0008 CB01      		movw r24,r22
 1409               	.LVL156:
 1410 000a EA01      		movw r28,r20
 1411 000c 8901      		movw r16,r18
 1412               	.LSM127:
 1413 000e 62E0      		ldi r22,lo8(2)
 1414               	.LVL157:
 1415 0010 0E94 0000 		call find_entry
 1416               	.LVL158:
 1417 0014 482F      		mov r20,r24
 1418               	.LVL159:
 1419               	.LSM128:
 1420 0016 87FD      		sbrc r24,7
 1421 0018 00C0      		rjmp .L78
 1422               	.LVL160:
 1423 001a 282F      		mov r18,r24
 1424 001c 3327      		clr r19
 1425 001e 27FD      		sbrc r18,7
 1426 0020 3095      		com r19
 1427 0022 54E0      		ldi r21,4
 1428 0024 220F      	1:	lsl r18
 1429 0026 331F      		rol r19
 1430 0028 5A95      		dec r21
 1431 002a 01F4      		brne 1b
 1432 002c F901      		movw r30,r18
 1433 002e E050      		subi r30,lo8(-(arp_table))
 1434 0030 F040      		sbci r31,hi8(-(arp_table))
 1435 0032 8485      		ldd r24,Z+12
 1436               	.LVL161:
 1437 0034 8230      		cpi r24,lo8(2)
 1438 0036 01F4      		brne .L78
 1439               	.LSM129:
 1440 0038 C901      		movw r24,r18
 1441 003a 8050      		subi r24,lo8(-(arp_table+6))
 1442 003c 9040      		sbci r25,hi8(-(arp_table+6))
 1443 003e 9983      		std Y+1,r25
 1444 0040 8883      		st Y,r24
 1445               	.LSM130:
 1446 0042 2050      		subi r18,lo8(-(arp_table+2))
 1447 0044 3040      		sbci r19,hi8(-(arp_table+2))
 1448 0046 F801      		movw r30,r16
 1449 0048 3183      		std Z+1,r19
 1450 004a 2083      		st Z,r18
 1451 004c 00C0      		rjmp .L79
 1452               	.LVL162:
 1453               	.L78:
 1454               	.LSM131:
 1455 004e 4FEF      		ldi r20,lo8(-1)
 1456               	.L79:
 1457               	.LSM132:
 1458 0050 842F      		mov r24,r20
 1459               	/* epilogue start */
 1460 0052 DF91      		pop r29
 1461 0054 CF91      		pop r28
 1462               	.LVL163:
 1463 0056 1F91      		pop r17
 1464 0058 0F91      		pop r16
 1465               	.LVL164:
 1466 005a 0895      		ret
 1467               	.LFE7:
 1469               		.section	.text.etharp_tmr,"ax",@progbits
 1470               	.global	etharp_tmr
 1472               	etharp_tmr:
 1473               	.LFB3:
 1474               	.LSM133:
 1475 0000 CF93      		push r28
 1476 0002 DF93      		push r29
 1477               	/* prologue: function */
 1478               	/* frame size = 0 */
 1479               	.LSM134:
 1480 0004 C0E0      		ldi r28,lo8(arp_table)
 1481 0006 D0E0      		ldi r29,hi8(arp_table)
 1482               	.L86:
 1483               	.LSM135:
 1484 0008 8D85      		ldd r24,Y+13
 1485 000a 8F5F      		subi r24,lo8(-(1))
 1486 000c 8D87      		std Y+13,r24
 1487               	.LSM136:
 1488 000e 9C85      		ldd r25,Y+12
 1489 0010 9230      		cpi r25,lo8(2)
 1490 0012 01F4      		brne .L82
 1491 0014 803F      		cpi r24,lo8(-16)
 1492 0016 00F4      		brsh .L83
 1493 0018 00C0      		rjmp .L84
 1494               	.L82:
 1495 001a 9130      		cpi r25,lo8(1)
 1496 001c 01F4      		brne .L84
 1497 001e 8230      		cpi r24,lo8(2)
 1498 0020 00F0      		brlo .L84
 1499               	.L83:
 1500               	.LSM137:
 1501 0022 8881      		ld r24,Y
 1502 0024 9981      		ldd r25,Y+1
 1503 0026 0097      		sbiw r24,0
 1504 0028 01F0      		breq .L85
 1505               	.LSM138:
 1506 002a 0E94 0000 		call free_etharp_q
 1507               	.LSM139:
 1508 002e 1982      		std Y+1,__zero_reg__
 1509 0030 1882      		st Y,__zero_reg__
 1510               	.L85:
 1511               	.LSM140:
 1512 0032 1C86      		std Y+12,__zero_reg__
 1513               	.L84:
 1514 0034 6096      		adiw r28,16
 1515               	.LSM141:
 1516 0036 80E0      		ldi r24,hi8(arp_table+160)
 1517 0038 C030      		cpi r28,lo8(arp_table+160)
 1518 003a D807      		cpc r29,r24
 1519 003c 01F4      		brne .L86
 1520               	/* epilogue start */
 1521               	.LSM142:
 1522 003e DF91      		pop r29
 1523 0040 CF91      		pop r28
 1524 0042 0895      		ret
 1525               	.LFE3:
 1527               		.section	.text.update_arp_entry,"ax",@progbits
 1529               	update_arp_entry:
 1530               	.LFB6:
 1531               	.LSM143:
 1532               	.LVL165:
 1533 0000 5F92      		push r5
 1534 0002 6F92      		push r6
 1535 0004 7F92      		push r7
 1536 0006 8F92      		push r8
 1537 0008 9F92      		push r9
 1538 000a AF92      		push r10
 1539 000c BF92      		push r11
 1540 000e CF92      		push r12
 1541 0010 DF92      		push r13
 1542 0012 EF92      		push r14
 1543 0014 FF92      		push r15
 1544 0016 0F93      		push r16
 1545 0018 1F93      		push r17
 1546 001a CF93      		push r28
 1547 001c DF93      		push r29
 1548               	/* prologue: function */
 1549               	/* frame size = 0 */
 1550 001e 3C01      		movw r6,r24
 1551 0020 EB01      		movw r28,r22
 1552 0022 4A01      		movw r8,r20
 1553 0024 522E      		mov r5,r18
 1554               	.LSM144:
 1555 0026 6115      		cp r22,__zero_reg__
 1556 0028 7105      		cpc r23,__zero_reg__
 1557 002a 01F4      		brne .+2
 1558 002c 00C0      		rjmp .L90
 1559               	.LVL166:
 1560 002e 8881      		ld r24,Y
 1561 0030 9981      		ldd r25,Y+1
 1562 0032 AA81      		ldd r26,Y+2
 1563 0034 BB81      		ldd r27,Y+3
 1564 0036 0097      		sbiw r24,0
 1565 0038 A105      		cpc r26,__zero_reg__
 1566 003a B105      		cpc r27,__zero_reg__
 1567 003c 01F4      		brne .+2
 1568 003e 00C0      		rjmp .L90
 1569               	.LVL167:
 1570 0040 CB01      		movw r24,r22
 1571 0042 B301      		movw r22,r6
 1572 0044 0E94 0000 		call ip_addr_isbroadcast
 1573 0048 8823      		tst r24
 1574 004a 01F0      		breq .+2
 1575 004c 00C0      		rjmp .L90
 1576 004e E880      		ld r14,Y
 1577 0050 F980      		ldd r15,Y+1
 1578 0052 0A81      		ldd r16,Y+2
 1579 0054 1B81      		ldd r17,Y+3
 1580 0056 60E0      		ldi r22,lo8(-268435456)
 1581 0058 70E0      		ldi r23,hi8(-268435456)
 1582 005a 80E0      		ldi r24,hlo8(-268435456)
 1583 005c 90EF      		ldi r25,hhi8(-268435456)
 1584 005e 0E94 0000 		call ntohl
 1585 0062 5B01      		movw r10,r22
 1586 0064 6C01      		movw r12,r24
 1587 0066 60E0      		ldi r22,lo8(-536870912)
 1588 0068 70E0      		ldi r23,hi8(-536870912)
 1589 006a 80E0      		ldi r24,hlo8(-536870912)
 1590 006c 90EE      		ldi r25,hhi8(-536870912)
 1591 006e 0E94 0000 		call ntohl
 1592 0072 EA20      		and r14,r10
 1593 0074 FB20      		and r15,r11
 1594 0076 0C21      		and r16,r12
 1595 0078 1D21      		and r17,r13
 1596 007a E616      		cp r14,r22
 1597 007c F706      		cpc r15,r23
 1598 007e 0807      		cpc r16,r24
 1599 0080 1907      		cpc r17,r25
 1600 0082 01F4      		brne .+2
 1601 0084 00C0      		rjmp .L90
 1602               	.LSM145:
 1603 0086 CE01      		movw r24,r28
 1604 0088 652D      		mov r22,r5
 1605 008a 0E94 0000 		call find_entry
 1606               	.LSM146:
 1607 008e 87FD      		sbrc r24,7
 1608 0090 00C0      		rjmp .L91
 1609               	.LVL168:
 1610               	.LSM147:
 1611 0092 E82F      		mov r30,r24
 1612 0094 FF27      		clr r31
 1613 0096 E7FD      		sbrc r30,7
 1614 0098 F095      		com r31
 1615 009a 74E0      		ldi r23,4
 1616 009c EE0F      	1:	lsl r30
 1617 009e FF1F      		rol r31
 1618 00a0 7A95      		dec r23
 1619 00a2 01F4      		brne 1b
 1620 00a4 E050      		subi r30,lo8(-(arp_table))
 1621 00a6 F040      		sbci r31,hi8(-(arp_table))
 1622 00a8 82E0      		ldi r24,lo8(2)
 1623               	.LVL169:
 1624 00aa 8487      		std Z+12,r24
 1625               	.LSM148:
 1626 00ac 7786      		std Z+15,r7
 1627 00ae 6686      		std Z+14,r6
 1628               	.LSM149:
 1629 00b0 D401      		movw r26,r8
 1630 00b2 1596      		adiw r26,5
 1631 00b4 8C91      		ld r24,X
 1632 00b6 1597      		sbiw r26,5
 1633 00b8 8387      		std Z+11,r24
 1634 00ba 1496      		adiw r26,4
 1635 00bc 8C91      		ld r24,X
 1636 00be 1497      		sbiw r26,4
 1637 00c0 8287      		std Z+10,r24
 1638 00c2 1396      		adiw r26,3
 1639 00c4 8C91      		ld r24,X
 1640 00c6 1397      		sbiw r26,3
 1641 00c8 8187      		std Z+9,r24
 1642 00ca 1296      		adiw r26,2
 1643 00cc 8C91      		ld r24,X
 1644 00ce 1297      		sbiw r26,2
 1645 00d0 8087      		std Z+8,r24
 1646 00d2 1196      		adiw r26,1
 1647 00d4 8C91      		ld r24,X
 1648 00d6 1197      		sbiw r26,1
 1649 00d8 8783      		std Z+7,r24
 1650 00da 8C91      		ld r24,X
 1651 00dc 8683      		std Z+6,r24
 1652               	.LSM150:
 1653 00de 1586      		std Z+13,__zero_reg__
 1654               	.LBB6:
 1655               	.LSM151:
 1656 00e0 6BE1      		ldi r22,lo8(27)
 1657 00e2 E62E      		mov r14,r22
 1658 00e4 F12C      		mov r15,__zero_reg__
 1659 00e6 E60C      		add r14,r6
 1660 00e8 F71C      		adc r15,r7
 1661               	.LBE6:
 1662               	.LSM152:
 1663 00ea EF01      		movw r28,r30
 1664               	.LVL170:
 1665 00ec 00C0      		rjmp .L92
 1666               	.LVL171:
 1667               	.L93:
 1668               	.LBB7:
 1669               	.LSM153:
 1670 00ee 8081      		ld r24,Z
 1671 00f0 9181      		ldd r25,Z+1
 1672 00f2 9983      		std Y+1,r25
 1673 00f4 8883      		st Y,r24
 1674               	.LSM154:
 1675 00f6 0281      		ldd r16,Z+2
 1676 00f8 1381      		ldd r17,Z+3
 1677               	.LSM155:
 1678 00fa 85E0      		ldi r24,lo8(5)
 1679 00fc BF01      		movw r22,r30
 1680 00fe 0E94 0000 		call memp_free
 1681               	.LSM156:
 1682 0102 C301      		movw r24,r6
 1683 0104 B801      		movw r22,r16
 1684 0106 A701      		movw r20,r14
 1685 0108 9401      		movw r18,r8
 1686 010a 0E94 0000 		call etharp_send_ip
 1687               	.LSM157:
 1688 010e C801      		movw r24,r16
 1689 0110 0E94 0000 		call pbuf_free
 1690               	.L92:
 1691               	.LBE7:
 1692               	.LSM158:
 1693 0114 E881      		ld r30,Y
 1694 0116 F981      		ldd r31,Y+1
 1695 0118 3097      		sbiw r30,0
 1696 011a 01F4      		brne .L93
 1697 011c 80E0      		ldi r24,lo8(0)
 1698               	.LVL172:
 1699 011e 00C0      		rjmp .L91
 1700               	.LVL173:
 1701               	.L90:
 1702 0120 87EF      		ldi r24,lo8(-9)
 1703               	.LVL174:
 1704               	.L91:
 1705               	.LVL175:
 1706               	/* epilogue start */
 1707               	.LSM159:
 1708 0122 DF91      		pop r29
 1709 0124 CF91      		pop r28
 1710               	.LVL176:
 1711 0126 1F91      		pop r17
 1712 0128 0F91      		pop r16
 1713               	.LVL177:
 1714 012a FF90      		pop r15
 1715 012c EF90      		pop r14
 1716 012e DF90      		pop r13
 1717 0130 CF90      		pop r12
 1718 0132 BF90      		pop r11
 1719 0134 AF90      		pop r10
 1720 0136 9F90      		pop r9
 1721 0138 8F90      		pop r8
 1722               	.LVL178:
 1723 013a 7F90      		pop r7
 1724 013c 6F90      		pop r6
 1725               	.LVL179:
 1726 013e 5F90      		pop r5
 1727               	.LVL180:
 1728 0140 0895      		ret
 1729               	.LFE6:
 1731               		.section	.text.etharp_ip_input,"ax",@progbits
 1732               	.global	etharp_ip_input
 1734               	etharp_ip_input:
 1735               	.LFB8:
 1736               	.LSM160:
 1737               	.LVL181:
 1738 0000 CF93      		push r28
 1739 0002 DF93      		push r29
 1740               	/* prologue: function */
 1741               	/* frame size = 0 */
 1742 0004 EC01      		movw r28,r24
 1743 0006 FB01      		movw r30,r22
 1744               	.LSM161:
 1745 0008 0097      		sbiw r24,0
 1746 000a 01F0      		breq .L97
 1747               	.LVL182:
 1748               	.LSM162:
 1749 000c 0280      		ldd __tmp_reg__,Z+2
 1750 000e F381      		ldd r31,Z+3
 1751 0010 E02D      		mov r30,__tmp_reg__
 1752               	.LVL183:
 1753               	.LSM163:
 1754 0012 8A81      		ldd r24,Y+2
 1755 0014 9B81      		ldd r25,Y+3
 1756 0016 AC81      		ldd r26,Y+4
 1757 0018 BD81      		ldd r27,Y+5
 1758               	.LVL184:
 1759 001a 228D      		ldd r18,Z+26
 1760 001c 338D      		ldd r19,Z+27
 1761 001e 448D      		ldd r20,Z+28
 1762 0020 558D      		ldd r21,Z+29
 1763 0022 8227      		eor r24,r18
 1764 0024 9327      		eor r25,r19
 1765 0026 A427      		eor r26,r20
 1766 0028 B527      		eor r27,r21
 1767 002a 2E81      		ldd r18,Y+6
 1768 002c 3F81      		ldd r19,Y+7
 1769 002e 4885      		ldd r20,Y+8
 1770 0030 5985      		ldd r21,Y+9
 1771 0032 8223      		and r24,r18
 1772 0034 9323      		and r25,r19
 1773 0036 A423      		and r26,r20
 1774 0038 B523      		and r27,r21
 1775 003a 0097      		sbiw r24,0
 1776 003c A105      		cpc r26,__zero_reg__
 1777 003e B105      		cpc r27,__zero_reg__
 1778 0040 01F4      		brne .L97
 1779               	.LSM164:
 1780 0042 AF01      		movw r20,r30
 1781 0044 4A5F      		subi r20,lo8(-(6))
 1782 0046 5F4F      		sbci r21,hi8(-(6))
 1783 0048 CE01      		movw r24,r28
 1784 004a 7A96      		adiw r30,26
 1785 004c BF01      		movw r22,r30
 1786               	.LVL185:
 1787 004e 20E0      		ldi r18,lo8(0)
 1788 0050 0E94 0000 		call update_arp_entry
 1789               	.LVL186:
 1790               	.L97:
 1791               	/* epilogue start */
 1792               	.LSM165:
 1793 0054 DF91      		pop r29
 1794 0056 CF91      		pop r28
 1795               	.LVL187:
 1796 0058 0895      		ret
 1797               	.LFE8:
 1799               		.section	.text.etharp_arp_input,"ax",@progbits
 1800               	.global	etharp_arp_input
 1802               	etharp_arp_input:
 1803               	.LFB9:
 1804               	.LSM166:
 1805               	.LVL188:
 1806 0000 8F92      		push r8
 1807 0002 9F92      		push r9
 1808 0004 AF92      		push r10
 1809 0006 BF92      		push r11
 1810 0008 CF92      		push r12
 1811 000a DF92      		push r13
 1812 000c EF92      		push r14
 1813 000e FF92      		push r15
 1814 0010 0F93      		push r16
 1815 0012 1F93      		push r17
 1816 0014 DF93      		push r29
 1817 0016 CF93      		push r28
 1818 0018 CDB7      		in r28,__SP_L__
 1819 001a DEB7      		in r29,__SP_H__
 1820 001c 2897      		sbiw r28,8
 1821 001e 0FB6      		in __tmp_reg__,__SREG__
 1822 0020 F894      		cli
 1823 0022 DEBF      		out __SP_H__,r29
 1824 0024 0FBE      		out __SREG__,__tmp_reg__
 1825 0026 CDBF      		out __SP_L__,r28
 1826               	/* prologue: function */
 1827               	/* frame size = 8 */
 1828 0028 6C01      		movw r12,r24
 1829 002a 4B01      		movw r8,r22
 1830 002c 5A01      		movw r10,r20
 1831               	.LSM167:
 1832 002e 0097      		sbiw r24,0
 1833 0030 01F4      		brne .+2
 1834 0032 00C0      		rjmp .L114
 1835               	.LVL189:
 1836               	.LSM168:
 1837 0034 DA01      		movw r26,r20
 1838 0036 1696      		adiw r26,6
 1839 0038 8D91      		ld r24,X+
 1840 003a 9C91      		ld r25,X
 1841 003c 1797      		sbiw r26,6+1
 1842               	.LVL190:
 1843 003e 8A97      		sbiw r24,42
 1844 0040 00F4      		brsh .L100
 1845               	.LVL191:
 1846               	.LSM169:
 1847 0042 8091 0000 		lds r24,lwip_stats+38
 1848 0046 9091 0000 		lds r25,(lwip_stats+38)+1
 1849 004a 0196      		adiw r24,1
 1850 004c 9093 0000 		sts (lwip_stats+38)+1,r25
 1851 0050 8093 0000 		sts lwip_stats+38,r24
 1852 0054 00C0      		rjmp .L118
 1853               	.L100:
 1854               	.LSM170:
 1855 0056 FA01      		movw r30,r20
 1856 0058 E280      		ldd r14,Z+2
 1857 005a F380      		ldd r15,Z+3
 1858               	.LVL192:
 1859               	.LSM171:
 1860 005c D701      		movw r26,r14
 1861 005e 1E96      		adiw r26,14
 1862 0060 0D91      		ld r16,X+
 1863 0062 1C91      		ld r17,X
 1864 0064 1F97      		sbiw r26,14+1
 1865 0066 81E0      		ldi r24,lo8(1)
 1866 0068 90E0      		ldi r25,hi8(1)
 1867 006a 0E94 0000 		call htons
 1868               	.LVL193:
 1869 006e 0817      		cp r16,r24
 1870 0070 1907      		cpc r17,r25
 1871 0072 01F4      		brne .L101
 1872 0074 F701      		movw r30,r14
 1873 0076 0289      		ldd r16,Z+18
 1874 0078 1389      		ldd r17,Z+19
 1875 007a 84E0      		ldi r24,lo8(1540)
 1876 007c 96E0      		ldi r25,hi8(1540)
 1877 007e 0E94 0000 		call htons
 1878 0082 0817      		cp r16,r24
 1879 0084 1907      		cpc r17,r25
 1880 0086 01F4      		brne .L101
 1881 0088 D701      		movw r26,r14
 1882 008a 5096      		adiw r26,16
 1883 008c 0D91      		ld r16,X+
 1884 008e 1C91      		ld r17,X
 1885 0090 5197      		sbiw r26,16+1
 1886 0092 80E0      		ldi r24,lo8(2048)
 1887 0094 98E0      		ldi r25,hi8(2048)
 1888 0096 0E94 0000 		call htons
 1889 009a 0817      		cp r16,r24
 1890 009c 1907      		cpc r17,r25
 1891 009e 01F4      		brne .L101
 1892 00a0 F701      		movw r30,r14
 1893 00a2 0485      		ldd r16,Z+12
 1894 00a4 1585      		ldd r17,Z+13
 1895 00a6 86E0      		ldi r24,lo8(2054)
 1896 00a8 98E0      		ldi r25,hi8(2054)
 1897 00aa 0E94 0000 		call htons
 1898 00ae 0817      		cp r16,r24
 1899 00b0 1907      		cpc r17,r25
 1900 00b2 01F0      		breq .L102
 1901               	.L101:
 1902               	.LSM172:
 1903 00b4 8091 0000 		lds r24,lwip_stats+44
 1904 00b8 9091 0000 		lds r25,(lwip_stats+44)+1
 1905 00bc 0196      		adiw r24,1
 1906 00be 9093 0000 		sts (lwip_stats+44)+1,r25
 1907 00c2 8093 0000 		sts lwip_stats+44,r24
 1908               	.LVL194:
 1909               	.L118:
 1910               	.LSM173:
 1911 00c6 8091 0000 		lds r24,lwip_stats+34
 1912 00ca 9091 0000 		lds r25,(lwip_stats+34)+1
 1913 00ce 0196      		adiw r24,1
 1914 00d0 9093 0000 		sts (lwip_stats+34)+1,r25
 1915 00d4 8093 0000 		sts lwip_stats+34,r24
 1916 00d8 00C0      		rjmp .L110
 1917               	.LVL195:
 1918               	.L102:
 1919               	.LSM174:
 1920 00da 8091 0000 		lds r24,lwip_stats+30
 1921 00de 9091 0000 		lds r25,(lwip_stats+30)+1
 1922 00e2 0196      		adiw r24,1
 1923 00e4 9093 0000 		sts (lwip_stats+30)+1,r25
 1924 00e8 8093 0000 		sts lwip_stats+30,r24
 1925               	.LSM175:
 1926 00ec C601      		movw r24,r12
 1927 00ee B701      		movw r22,r14
 1928 00f0 0E94 0000 		call autoip_arp_reply
 1929               	.LSM176:
 1930 00f4 F701      		movw r30,r14
 1931 00f6 848D      		ldd r24,Z+28
 1932 00f8 958D      		ldd r25,Z+29
 1933 00fa A68D      		ldd r26,Z+30
 1934 00fc B78D      		ldd r27,Z+31
 1935 00fe 8983      		std Y+1,r24
 1936 0100 9A83      		std Y+2,r25
 1937 0102 AB83      		std Y+3,r26
 1938 0104 BC83      		std Y+4,r27
 1939               	.LSM177:
 1940 0106 86A1      		ldd r24,Z+38
 1941 0108 97A1      		ldd r25,Z+39
 1942 010a A0A5      		ldd r26,Z+40
 1943 010c B1A5      		ldd r27,Z+41
 1944 010e 8D83      		std Y+5,r24
 1945 0110 9E83      		std Y+6,r25
 1946 0112 AF83      		std Y+7,r26
 1947 0114 B887      		std Y+8,r27
 1948               	.LSM178:
 1949 0116 D601      		movw r26,r12
 1950 0118 1296      		adiw r26,2
 1951 011a 2D91      		ld r18,X+
 1952 011c 3D91      		ld r19,X+
 1953 011e 4D91      		ld r20,X+
 1954 0120 5C91      		ld r21,X
 1955 0122 1597      		sbiw r26,2+3
 1956 0124 2115      		cp r18,__zero_reg__
 1957 0126 3105      		cpc r19,__zero_reg__
 1958 0128 4105      		cpc r20,__zero_reg__
 1959 012a 5105      		cpc r21,__zero_reg__
 1960 012c 01F0      		breq .L103
 1961               	.LSM179:
 1962 012e 00E0      		ldi r16,lo8(0)
 1963               	.LVL196:
 1964 0130 8D81      		ldd r24,Y+5
 1965 0132 9E81      		ldd r25,Y+6
 1966 0134 AF81      		ldd r26,Y+7
 1967 0136 B885      		ldd r27,Y+8
 1968 0138 8217      		cp r24,r18
 1969 013a 9307      		cpc r25,r19
 1970 013c A407      		cpc r26,r20
 1971 013e B507      		cpc r27,r21
 1972 0140 01F4      		brne .L105
 1973 0142 01E0      		ldi r16,lo8(1)
 1974               	.LSM180:
 1975 0144 A701      		movw r20,r14
 1976 0146 4A5E      		subi r20,lo8(-(22))
 1977 0148 5F4F      		sbci r21,hi8(-(22))
 1978 014a C601      		movw r24,r12
 1979 014c BE01      		movw r22,r28
 1980 014e 6F5F      		subi r22,lo8(-(1))
 1981 0150 7F4F      		sbci r23,hi8(-(1))
 1982 0152 21E0      		ldi r18,lo8(1)
 1983 0154 00C0      		rjmp .L117
 1984               	.LVL197:
 1985               	.L103:
 1986 0156 00E0      		ldi r16,lo8(0)
 1987               	.LVL198:
 1988               	.L105:
 1989               	.LSM181:
 1990 0158 A701      		movw r20,r14
 1991 015a 4A5E      		subi r20,lo8(-(22))
 1992 015c 5F4F      		sbci r21,hi8(-(22))
 1993 015e C601      		movw r24,r12
 1994 0160 BE01      		movw r22,r28
 1995 0162 6F5F      		subi r22,lo8(-(1))
 1996 0164 7F4F      		sbci r23,hi8(-(1))
 1997 0166 20E0      		ldi r18,lo8(0)
 1998               	.L117:
 1999 0168 0E94 0000 		call update_arp_entry
 2000               	.LSM182:
 2001 016c F701      		movw r30,r14
 2002 016e 8489      		ldd r24,Z+20
 2003 0170 9589      		ldd r25,Z+21
 2004 0172 0E94 0000 		call htons
 2005 0176 8130      		cpi r24,1
 2006 0178 9105      		cpc r25,__zero_reg__
 2007 017a 01F0      		breq .L108
 2008 017c 0297      		sbiw r24,2
 2009 017e 01F0      		breq .+2
 2010 0180 00C0      		rjmp .L116
 2011 0182 00C0      		rjmp .L119
 2012               	.L108:
 2013               	.LSM183:
 2014 0184 0023      		tst r16
 2015 0186 01F4      		brne .+2
 2016 0188 00C0      		rjmp .L110
 2017               	.LSM184:
 2018 018a 82E0      		ldi r24,lo8(2)
 2019 018c 90E0      		ldi r25,hi8(2)
 2020 018e 0E94 0000 		call htons
 2021 0192 D701      		movw r26,r14
 2022 0194 5596      		adiw r26,20+1
 2023 0196 9C93      		st X,r25
 2024 0198 8E93      		st -X,r24
 2025 019a 5497      		sbiw r26,20
 2026               	.LSM185:
 2027 019c 5C96      		adiw r26,28
 2028 019e 8D91      		ld r24,X+
 2029 01a0 9D91      		ld r25,X+
 2030 01a2 0D90      		ld __tmp_reg__,X+
 2031 01a4 BC91      		ld r27,X
 2032 01a6 A02D      		mov r26,__tmp_reg__
 2033 01a8 F701      		movw r30,r14
 2034 01aa 86A3      		std Z+38,r24
 2035 01ac 97A3      		std Z+39,r25
 2036 01ae A0A7      		std Z+40,r26
 2037 01b0 B1A7      		std Z+41,r27
 2038               	.LSM186:
 2039 01b2 F601      		movw r30,r12
 2040 01b4 8281      		ldd r24,Z+2
 2041 01b6 9381      		ldd r25,Z+3
 2042 01b8 A481      		ldd r26,Z+4
 2043 01ba B581      		ldd r27,Z+5
 2044 01bc F701      		movw r30,r14
 2045 01be 848F      		std Z+28,r24
 2046 01c0 958F      		std Z+29,r25
 2047 01c2 A68F      		std Z+30,r26
 2048 01c4 B78F      		std Z+31,r27
 2049               	.LSM187:
 2050 01c6 D601      		movw r26,r12
 2051 01c8 5896      		adiw r26,24
 2052 01ca ED91      		ld r30,X+
 2053 01cc FC91      		ld r31,X
 2054 01ce 5997      		sbiw r26,24+1
 2055 01d0 3097      		sbiw r30,0
 2056 01d2 01F0      		breq .L111
 2057 01d4 8481      		ldd r24,Z+4
 2058 01d6 8823      		tst r24
 2059 01d8 01F0      		breq .L111
 2060 01da 40E0      		ldi r20,lo8(ethbroadcast)
 2061 01dc 50E0      		ldi r21,hi8(ethbroadcast)
 2062               	.LVL199:
 2063 01de 00C0      		rjmp .L112
 2064               	.LVL200:
 2065               	.L111:
 2066 01e0 A701      		movw r20,r14
 2067               	.LVL201:
 2068 01e2 4A5E      		subi r20,lo8(-(22))
 2069 01e4 5F4F      		sbci r21,hi8(-(22))
 2070               	.L112:
 2071 01e6 36E0      		ldi r19,lo8(6)
 2072               	.LVL202:
 2073               	.L113:
 2074               	.LSM188:
 2075 01e8 3150      		subi r19,lo8(-(-1))
 2076               	.LSM189:
 2077 01ea 832F      		mov r24,r19
 2078 01ec 90E0      		ldi r25,lo8(0)
 2079 01ee D701      		movw r26,r14
 2080 01f0 A80F      		add r26,r24
 2081 01f2 B91F      		adc r27,r25
 2082 01f4 5696      		adiw r26,22
 2083 01f6 2C91      		ld r18,X
 2084 01f8 5697      		sbiw r26,22
 2085 01fa 9096      		adiw r26,32
 2086 01fc 2C93      		st X,r18
 2087 01fe 9097      		sbiw r26,32
 2088               	.LSM190:
 2089 0200 FA01      		movw r30,r20
 2090 0202 E80F      		add r30,r24
 2091 0204 F91F      		adc r31,r25
 2092 0206 2081      		ld r18,Z
 2093 0208 2C93      		st X,r18
 2094               	.LSM191:
 2095 020a F401      		movw r30,r8
 2096 020c E80F      		add r30,r24
 2097 020e F91F      		adc r31,r25
 2098 0210 8081      		ld r24,Z
 2099 0212 5696      		adiw r26,22
 2100 0214 8C93      		st X,r24
 2101 0216 5697      		sbiw r26,22
 2102               	.LSM192:
 2103 0218 8081      		ld r24,Z
 2104 021a 1696      		adiw r26,6
 2105 021c 8C93      		st X,r24
 2106               	.LSM193:
 2107 021e 3323      		tst r19
 2108 0220 01F4      		brne .L113
 2109               	.LSM194:
 2110 0222 D601      		movw r26,r12
 2111 0224 5296      		adiw r26,18
 2112 0226 ED91      		ld r30,X+
 2113 0228 FC91      		ld r31,X
 2114 022a 5397      		sbiw r26,18+1
 2115 022c C601      		movw r24,r12
 2116 022e B501      		movw r22,r10
 2117 0230 0995      		icall
 2118               	.LVL203:
 2119 0232 00C0      		rjmp .L110
 2120               	.L119:
 2121               	.LSM195:
 2122 0234 C601      		movw r24,r12
 2123 0236 BE01      		movw r22,r28
 2124 0238 6F5F      		subi r22,lo8(-(1))
 2125 023a 7F4F      		sbci r23,hi8(-(1))
 2126 023c 0E94 0000 		call dhcp_arp_reply
 2127 0240 00C0      		rjmp .L110
 2128               	.L116:
 2129               	.LSM196:
 2130 0242 8091 0000 		lds r24,lwip_stats+48
 2131 0246 9091 0000 		lds r25,(lwip_stats+48)+1
 2132 024a 0196      		adiw r24,1
 2133 024c 9093 0000 		sts (lwip_stats+48)+1,r25
 2134 0250 8093 0000 		sts lwip_stats+48,r24
 2135               	.LVL204:
 2136               	.L110:
 2137               	.LSM197:
 2138 0254 C501      		movw r24,r10
 2139 0256 0E94 0000 		call pbuf_free
 2140               	.LVL205:
 2141               	.L114:
 2142               	/* epilogue start */
 2143               	.LSM198:
 2144 025a 2896      		adiw r28,8
 2145 025c 0FB6      		in __tmp_reg__,__SREG__
 2146 025e F894      		cli
 2147 0260 DEBF      		out __SP_H__,r29
 2148 0262 0FBE      		out __SREG__,__tmp_reg__
 2149 0264 CDBF      		out __SP_L__,r28
 2150 0266 CF91      		pop r28
 2151 0268 DF91      		pop r29
 2152 026a 1F91      		pop r17
 2153 026c 0F91      		pop r16
 2154               	.LVL206:
 2155 026e FF90      		pop r15
 2156 0270 EF90      		pop r14
 2157               	.LVL207:
 2158 0272 DF90      		pop r13
 2159 0274 CF90      		pop r12
 2160               	.LVL208:
 2161 0276 BF90      		pop r11
 2162 0278 AF90      		pop r10
 2163               	.LVL209:
 2164 027a 9F90      		pop r9
 2165 027c 8F90      		pop r8
 2166               	.LVL210:
 2167 027e 0895      		ret
 2168               	.LFE9:
 2170               		.section	.text.ethernet_input,"ax",@progbits
 2171               	.global	ethernet_input
 2173               	ethernet_input:
 2174               	.LFB14:
 2175               	.LSM199:
 2176               	.LVL211:
 2177 0000 0F93      		push r16
 2178 0002 1F93      		push r17
 2179 0004 CF93      		push r28
 2180 0006 DF93      		push r29
 2181               	/* prologue: function */
 2182               	/* frame size = 0 */
 2183 0008 EC01      		movw r28,r24
 2184 000a 8B01      		movw r16,r22
 2185               	.LSM200:
 2186 000c EA81      		ldd r30,Y+2
 2187 000e FB81      		ldd r31,Y+3
 2188 0010 8485      		ldd r24,Z+12
 2189 0012 9585      		ldd r25,Z+13
 2190               	.LVL212:
 2191 0014 0E94 0000 		call htons
 2192               	.LVL213:
 2193 0018 28E0      		ldi r18,hi8(2048)
 2194 001a 8030      		cpi r24,lo8(2048)
 2195 001c 9207      		cpc r25,r18
 2196 001e 01F0      		breq .L122
 2197 0020 8650      		subi r24,lo8(2054)
 2198 0022 9840      		sbci r25,hi8(2054)
 2199 0024 01F4      		brne .L127
 2200 0026 00C0      		rjmp .L128
 2201               	.L122:
 2202               	.LSM201:
 2203 0028 C801      		movw r24,r16
 2204 002a BE01      		movw r22,r28
 2205 002c 0E94 0000 		call etharp_ip_input
 2206               	.LSM202:
 2207 0030 CE01      		movw r24,r28
 2208 0032 62EF      		ldi r22,lo8(-14)
 2209 0034 7FEF      		ldi r23,hi8(-14)
 2210 0036 0E94 0000 		call pbuf_header
 2211 003a 8823      		tst r24
 2212 003c 01F4      		brne .L127
 2213               	.L124:
 2214               	.LSM203:
 2215 003e CE01      		movw r24,r28
 2216 0040 B801      		movw r22,r16
 2217 0042 0E94 0000 		call ip_input
 2218 0046 00C0      		rjmp .L125
 2219               	.L128:
 2220               	.LSM204:
 2221 0048 C801      		movw r24,r16
 2222 004a 055E      		subi r16,lo8(-(27))
 2223 004c 1F4F      		sbci r17,hi8(-(27))
 2224 004e B801      		movw r22,r16
 2225 0050 AE01      		movw r20,r28
 2226 0052 0E94 0000 		call etharp_arp_input
 2227 0056 00C0      		rjmp .L125
 2228               	.L127:
 2229               	.LSM205:
 2230 0058 CE01      		movw r24,r28
 2231 005a 0E94 0000 		call pbuf_free
 2232               	.L125:
 2233               	.LSM206:
 2234 005e 80E0      		ldi r24,lo8(0)
 2235               	/* epilogue start */
 2236 0060 DF91      		pop r29
 2237 0062 CF91      		pop r28
 2238               	.LVL214:
 2239 0064 1F91      		pop r17
 2240 0066 0F91      		pop r16
 2241               	.LVL215:
 2242 0068 0895      		ret
 2243               	.LFE14:
 2245               	.global	ethbroadcast
 2246               		.data
 2249               	ethbroadcast:
 2250 0000 FF        		.byte	-1
 2251 0001 FF        		.byte	-1
 2252 0002 FF        		.byte	-1
 2253 0003 FF        		.byte	-1
 2254 0004 FF        		.byte	-1
 2255 0005 FF        		.byte	-1
 2256               	.global	ethzero
 2259               	ethzero:
 2260 0006 0000 0000 		.skip 6,0
 2260      0000 
 2261               		.lcomm arp_table,160
 2262               		.lcomm etharp_cached_entry,1
 2383               	.Letext0:
DEFINED SYMBOLS
                            *ABS*:00000000 etharp.c
C:\DOCUME~1\ADMINI~1\LOCALS~1\Temp/ccGi6Mdu.s:2      *ABS*:0000003f __SREG__
C:\DOCUME~1\ADMINI~1\LOCALS~1\Temp/ccGi6Mdu.s:3      *ABS*:0000003e __SP_H__
C:\DOCUME~1\ADMINI~1\LOCALS~1\Temp/ccGi6Mdu.s:4      *ABS*:0000003d __SP_L__
C:\DOCUME~1\ADMINI~1\LOCALS~1\Temp/ccGi6Mdu.s:5      *ABS*:00000034 __CCP__
C:\DOCUME~1\ADMINI~1\LOCALS~1\Temp/ccGi6Mdu.s:6      *ABS*:00000000 __tmp_reg__
C:\DOCUME~1\ADMINI~1\LOCALS~1\Temp/ccGi6Mdu.s:7      *ABS*:00000001 __zero_reg__
C:\DOCUME~1\ADMINI~1\LOCALS~1\Temp/ccGi6Mdu.s:18     .text.etharp_send_ip:00000000 etharp_send_ip
C:\DOCUME~1\ADMINI~1\LOCALS~1\Temp/ccGi6Mdu.s:100    .text.etharp_raw:00000000 etharp_raw
C:\DOCUME~1\ADMINI~1\LOCALS~1\Temp/ccGi6Mdu.s:2249   .data:00000000 ethbroadcast
C:\DOCUME~1\ADMINI~1\LOCALS~1\Temp/ccGi6Mdu.s:372    .text.etharp_request:00000000 etharp_request
C:\DOCUME~1\ADMINI~1\LOCALS~1\Temp/ccGi6Mdu.s:2259   .data:00000006 ethzero
C:\DOCUME~1\ADMINI~1\LOCALS~1\Temp/ccGi6Mdu.s:424    .text.free_etharp_q:00000000 free_etharp_q
C:\DOCUME~1\ADMINI~1\LOCALS~1\Temp/ccGi6Mdu.s:471    .text.find_entry:00000000 find_entry
C:\DOCUME~1\ADMINI~1\LOCALS~1\Temp/ccGi6Mdu.s:2261   .bss:000000a0 etharp_cached_entry
                             .bss:00000000 arp_table
C:\DOCUME~1\ADMINI~1\LOCALS~1\Temp/ccGi6Mdu.s:819    .text.etharp_query:00000000 etharp_query
C:\DOCUME~1\ADMINI~1\LOCALS~1\Temp/ccGi6Mdu.s:1163   .text.etharp_output:00000000 etharp_output
C:\DOCUME~1\ADMINI~1\LOCALS~1\Temp/ccGi6Mdu.s:1398   .text.etharp_find_addr:00000000 etharp_find_addr
C:\DOCUME~1\ADMINI~1\LOCALS~1\Temp/ccGi6Mdu.s:1472   .text.etharp_tmr:00000000 etharp_tmr
C:\DOCUME~1\ADMINI~1\LOCALS~1\Temp/ccGi6Mdu.s:1529   .text.update_arp_entry:00000000 update_arp_entry
C:\DOCUME~1\ADMINI~1\LOCALS~1\Temp/ccGi6Mdu.s:1734   .text.etharp_ip_input:00000000 etharp_ip_input
C:\DOCUME~1\ADMINI~1\LOCALS~1\Temp/ccGi6Mdu.s:1802   .text.etharp_arp_input:00000000 etharp_arp_input
C:\DOCUME~1\ADMINI~1\LOCALS~1\Temp/ccGi6Mdu.s:2173   .text.ethernet_input:00000000 ethernet_input

UNDEFINED SYMBOLS
htons
pbuf_alloc
lwip_stats
pbuf_free
memp_free
ip_addr_isbroadcast
ntohl
pbuf_copy
memp_malloc
pbuf_ref
pbuf_header
autoip_arp_reply
dhcp_arp_reply
ip_input
__do_copy_data
__do_clear_bss
