This file contains any messages produced by compilers while
running configure, to aid debugging if configure makes a mistake.

It was created by configure, which was
generated by GNU Autoconf 2.63.  Invocation command line was

  $ ./configure --prefix=/opt/arm --enable-opendous

## --------- ##
## Platform. ##
## --------- ##

hostname = ubuntu
uname -m = i686
uname -r = 2.6.28-11-generic
uname -s = Linux
uname -v = #42-Ubuntu SMP Fri Apr 17 01:57:59 UTC 2009

/usr/bin/uname -p = unknown
/bin/uname -X     = unknown

/bin/arch              = unknown
/usr/bin/arch -k       = unknown
/usr/convex/getsysinfo = unknown
/usr/bin/hostinfo      = unknown
/bin/machine           = unknown
/usr/bin/oslevel       = unknown
/bin/universe          = unknown

PATH: /usr/local/sbin
PATH: /usr/local/bin
PATH: /usr/sbin
PATH: /usr/bin
PATH: /sbin
PATH: /bin
PATH: /usr/games


## ----------- ##
## Core tests. ##
## ----------- ##

configure:1997: checking build system type
configure:2015: result: i686-pc-linux-gnu
configure:2037: checking host system type
configure:2052: result: i686-pc-linux-gnu
configure:2123: checking for gcc
configure:2139: found /usr/bin/gcc
configure:2150: result: gcc
configure:2382: checking for C compiler version
configure:2390: gcc --version >&5
gcc (Ubuntu 4.3.3-5ubuntu4) 4.3.3
Copyright (C) 2008 Free Software Foundation, Inc.
This is free software; see the source for copying conditions.  There is NO
warranty; not even for MERCHANTABILITY or FITNESS FOR A PARTICULAR PURPOSE.

configure:2394: $? = 0
configure:2401: gcc -v >&5
Using built-in specs.
Target: i486-linux-gnu
Configured with: ../src/configure -v --with-pkgversion='Ubuntu 4.3.3-5ubuntu4' --with-bugurl=file:///usr/share/doc/gcc-4.3/README.Bugs --enable-languages=c,c++,fortran,objc,obj-c++ --prefix=/usr --enable-shared --with-system-zlib --libexecdir=/usr/lib --without-included-gettext --enable-threads=posix --enable-nls --with-gxx-include-dir=/usr/include/c++/4.3 --program-suffix=-4.3 --enable-clocale=gnu --enable-libstdcxx-debug --enable-objc-gc --enable-mpfr --enable-targets=all --with-tune=generic --enable-checking=release --build=i486-linux-gnu --host=i486-linux-gnu --target=i486-linux-gnu
Thread model: posix
gcc version 4.3.3 (Ubuntu 4.3.3-5ubuntu4) 
configure:2405: $? = 0
configure:2412: gcc -V >&5
gcc: '-V' option must have argument
configure:2416: $? = 1
configure:2439: checking for C compiler default output file name
configure:2461: gcc    conftest.c  >&5
configure:2465: $? = 0
configure:2503: result: a.out
configure:2522: checking whether the C compiler works
configure:2532: ./a.out
configure:2536: $? = 0
configure:2555: result: yes
configure:2562: checking whether we are cross compiling
configure:2564: result: no
configure:2567: checking for suffix of executables
configure:2574: gcc -o conftest    conftest.c  >&5
configure:2578: $? = 0
configure:2604: result: 
configure:2610: checking for suffix of object files
configure:2636: gcc -c   conftest.c >&5
configure:2640: $? = 0
configure:2665: result: o
configure:2669: checking whether we are using the GNU C compiler
configure:2698: gcc -c   conftest.c >&5
configure:2705: $? = 0
configure:2722: result: yes
configure:2731: checking whether gcc accepts -g
configure:2761: gcc -c -g  conftest.c >&5
configure:2768: $? = 0
configure:2869: result: yes
configure:2886: checking for gcc option to accept ISO C89
configure:2960: gcc  -c -g -O2  conftest.c >&5
configure:2967: $? = 0
configure:2990: result: none needed
configure:3009: checking for library containing ioperm
configure:3050: gcc -o conftest -g -O2   conftest.c  >&5
configure:3057: $? = 0
configure:3088: result: none required
configure:3096: checking for library containing dlopen
configure:3137: gcc -o conftest -g -O2   conftest.c  >&5
/tmp/ccIdEY2c.o: In function `main':
/home/ubuntu/Desktop/openocd/openocd/conftest.c:19: undefined reference to `dlopen'
collect2: ld returned 1 exit status
configure:3144: $? = 1
configure: failed program was:
| /* confdefs.h.  */
| #define PACKAGE_NAME ""
| #define PACKAGE_TARNAME ""
| #define PACKAGE_VERSION ""
| #define PACKAGE_STRING ""
| #define PACKAGE_BUGREPORT ""
| /* end confdefs.h.  */
| 
| /* Override any GCC internal prototype to avoid an error.
|    Use char because int might match the return type of a GCC
|    builtin and then its argument prototype would still apply.  */
| #ifdef __cplusplus
| extern "C"
| #endif
| char dlopen ();
| int
| main ()
| {
| return dlopen ();
|   ;
|   return 0;
| }
configure:3137: gcc -o conftest -g -O2   conftest.c -ldl   >&5
configure:3144: $? = 0
configure:3175: result: -ldl
configure:3189: checking how to run the C preprocessor
configure:3229: gcc -E  conftest.c
configure:3236: $? = 0
configure:3267: gcc -E  conftest.c
conftest.c:8:28: error: ac_nonexistent.h: No such file or directory
configure:3274: $? = 1
configure: failed program was:
| /* confdefs.h.  */
| #define PACKAGE_NAME ""
| #define PACKAGE_TARNAME ""
| #define PACKAGE_VERSION ""
| #define PACKAGE_STRING ""
| #define PACKAGE_BUGREPORT ""
| /* end confdefs.h.  */
| #include <ac_nonexistent.h>
configure:3307: result: gcc -E
configure:3336: gcc -E  conftest.c
configure:3343: $? = 0
configure:3374: gcc -E  conftest.c
conftest.c:8:28: error: ac_nonexistent.h: No such file or directory
configure:3381: $? = 1
configure: failed program was:
| /* confdefs.h.  */
| #define PACKAGE_NAME ""
| #define PACKAGE_TARNAME ""
| #define PACKAGE_VERSION ""
| #define PACKAGE_STRING ""
| #define PACKAGE_BUGREPORT ""
| /* end confdefs.h.  */
| #include <ac_nonexistent.h>
configure:3421: checking for grep that handles long lines and -e
configure:3481: result: /bin/grep
configure:3486: checking for egrep
configure:3550: result: /bin/grep -E
configure:3555: checking for ANSI C header files
configure:3585: gcc -c -g -O2  conftest.c >&5
configure:3592: $? = 0
configure:3691: gcc -o conftest -g -O2   conftest.c -ldl  >&5
configure:3695: $? = 0
configure:3701: ./conftest
configure:3705: $? = 0
configure:3723: result: yes
configure:3747: checking for sys/types.h
configure:3768: gcc -c -g -O2  conftest.c >&5
configure:3775: $? = 0
configure:3792: result: yes
configure:3747: checking for sys/stat.h
configure:3768: gcc -c -g -O2  conftest.c >&5
configure:3775: $? = 0
configure:3792: result: yes
configure:3747: checking for stdlib.h
configure:3768: gcc -c -g -O2  conftest.c >&5
configure:3775: $? = 0
configure:3792: result: yes
configure:3747: checking for string.h
configure:3768: gcc -c -g -O2  conftest.c >&5
configure:3775: $? = 0
configure:3792: result: yes
configure:3747: checking for memory.h
configure:3768: gcc -c -g -O2  conftest.c >&5
configure:3775: $? = 0
configure:3792: result: yes
configure:3747: checking for strings.h
configure:3768: gcc -c -g -O2  conftest.c >&5
configure:3775: $? = 0
configure:3792: result: yes
configure:3747: checking for inttypes.h
configure:3768: gcc -c -g -O2  conftest.c >&5
configure:3775: $? = 0
configure:3792: result: yes
configure:3747: checking for stdint.h
configure:3768: gcc -c -g -O2  conftest.c >&5
configure:3775: $? = 0
configure:3792: result: yes
configure:3747: checking for unistd.h
configure:3768: gcc -c -g -O2  conftest.c >&5
configure:3775: $? = 0
configure:3792: result: yes
configure:3822: checking jtag_minidriver.h usability
configure:3839: gcc -c -g -O2  conftest.c >&5
conftest.c:51:29: error: jtag_minidriver.h: No such file or directory
configure:3846: $? = 1
configure: failed program was:
| /* confdefs.h.  */
| #define PACKAGE_NAME ""
| #define PACKAGE_TARNAME ""
| #define PACKAGE_VERSION ""
| #define PACKAGE_STRING ""
| #define PACKAGE_BUGREPORT ""
| #define STDC_HEADERS 1
| #define HAVE_SYS_TYPES_H 1
| #define HAVE_SYS_STAT_H 1
| #define HAVE_STDLIB_H 1
| #define HAVE_STRING_H 1
| #define HAVE_MEMORY_H 1
| #define HAVE_STRINGS_H 1
| #define HAVE_INTTYPES_H 1
| #define HAVE_STDINT_H 1
| #define HAVE_UNISTD_H 1
| /* end confdefs.h.  */
| #include <stdio.h>
| #ifdef HAVE_SYS_TYPES_H
| # include <sys/types.h>
| #endif
| #ifdef HAVE_SYS_STAT_H
| # include <sys/stat.h>
| #endif
| #ifdef STDC_HEADERS
| # include <stdlib.h>
| # include <stddef.h>
| #else
| # ifdef HAVE_STDLIB_H
| #  include <stdlib.h>
| # endif
| #endif
| #ifdef HAVE_STRING_H
| # if !defined STDC_HEADERS && defined HAVE_MEMORY_H
| #  include <memory.h>
| # endif
| # include <string.h>
| #endif
| #ifdef HAVE_STRINGS_H
| # include <strings.h>
| #endif
| #ifdef HAVE_INTTYPES_H
| # include <inttypes.h>
| #endif
| #ifdef HAVE_STDINT_H
| # include <stdint.h>
| #endif
| #ifdef HAVE_UNISTD_H
| # include <unistd.h>
| #endif
| #include <jtag_minidriver.h>
configure:3860: result: no
configure:3864: checking jtag_minidriver.h presence
configure:3879: gcc -E  conftest.c
conftest.c:18:29: error: jtag_minidriver.h: No such file or directory
configure:3886: $? = 1
configure: failed program was:
| /* confdefs.h.  */
| #define PACKAGE_NAME ""
| #define PACKAGE_TARNAME ""
| #define PACKAGE_VERSION ""
| #define PACKAGE_STRING ""
| #define PACKAGE_BUGREPORT ""
| #define STDC_HEADERS 1
| #define HAVE_SYS_TYPES_H 1
| #define HAVE_SYS_STAT_H 1
| #define HAVE_STDLIB_H 1
| #define HAVE_STRING_H 1
| #define HAVE_MEMORY_H 1
| #define HAVE_STRINGS_H 1
| #define HAVE_INTTYPES_H 1
| #define HAVE_STDINT_H 1
| #define HAVE_UNISTD_H 1
| /* end confdefs.h.  */
| #include <jtag_minidriver.h>
configure:3900: result: no
configure:3928: checking for jtag_minidriver.h
configure:3937: result: no
configure:3968: checking sys/param.h usability
configure:3985: gcc -c -g -O2  conftest.c >&5
configure:3992: $? = 0
configure:4006: result: yes
configure:4010: checking sys/param.h presence
configure:4025: gcc -E  conftest.c
configure:4032: $? = 0
configure:4046: result: yes
configure:4074: checking for sys/param.h
configure:4083: result: yes
configure:4114: checking sys/time.h usability
configure:4131: gcc -c -g -O2  conftest.c >&5
configure:4138: $? = 0
configure:4152: result: yes
configure:4156: checking sys/time.h presence
configure:4171: gcc -E  conftest.c
configure:4178: $? = 0
configure:4192: result: yes
configure:4220: checking for sys/time.h
configure:4229: result: yes
configure:4260: checking elf.h usability
configure:4277: gcc -c -g -O2  conftest.c >&5
configure:4284: $? = 0
configure:4298: result: yes
configure:4302: checking elf.h presence
configure:4317: gcc -E  conftest.c
configure:4324: $? = 0
configure:4338: result: yes
configure:4366: checking for elf.h
configure:4375: result: yes
configure:4395: checking for strings.h
configure:4402: result: yes
configure:4552: checking stdbool.h usability
configure:4569: gcc -c -g -O2  conftest.c >&5
configure:4576: $? = 0
configure:4590: result: yes
configure:4594: checking stdbool.h presence
configure:4609: gcc -E  conftest.c
configure:4616: $? = 0
configure:4630: result: yes
configure:4658: checking for stdbool.h
configure:4667: result: yes
configure:4683: checking whether time.h and sys/time.h may both be included
configure:4713: gcc -c -g -O2  conftest.c >&5
configure:4720: $? = 0
configure:4735: result: yes
configure:4747: checking whether byte ordering is bigendian
configure:4772: gcc -c -g -O2  conftest.c >&5
conftest.c:25: error: expected '=', ',', ';', 'asm' or '__attribute__' before 'a'
configure:4779: $? = 1
configure: failed program was:
| /* confdefs.h.  */
| #define PACKAGE_NAME ""
| #define PACKAGE_TARNAME ""
| #define PACKAGE_VERSION ""
| #define PACKAGE_STRING ""
| #define PACKAGE_BUGREPORT ""
| #define STDC_HEADERS 1
| #define HAVE_SYS_TYPES_H 1
| #define HAVE_SYS_STAT_H 1
| #define HAVE_STDLIB_H 1
| #define HAVE_STRING_H 1
| #define HAVE_MEMORY_H 1
| #define HAVE_STRINGS_H 1
| #define HAVE_INTTYPES_H 1
| #define HAVE_STDINT_H 1
| #define HAVE_UNISTD_H 1
| #define HAVE_SYS_PARAM_H 1
| #define HAVE_SYS_TIME_H 1
| #define HAVE_ELF_H 1
| #define HAVE_STRINGS_H 1
| #define HAVE_STDBOOL_H 1
| #define TIME_WITH_SYS_TIME 1
| /* end confdefs.h.  */
| #ifndef __APPLE_CC__
| 	       not a universal capable compiler
| 	     #endif
| 	     typedef int dummy;
| 
configure:4829: gcc -c -g -O2  conftest.c >&5
configure:4836: $? = 0
configure:4868: gcc -c -g -O2  conftest.c >&5
conftest.c: In function 'main':
conftest.c:31: error: 'not' undeclared (first use in this function)
conftest.c:31: error: (Each undeclared identifier is reported only once
conftest.c:31: error: for each function it appears in.)
conftest.c:31: error: expected ';' before 'big'
configure:4875: $? = 1
configure: failed program was:
| /* confdefs.h.  */
| #define PACKAGE_NAME ""
| #define PACKAGE_TARNAME ""
| #define PACKAGE_VERSION ""
| #define PACKAGE_STRING ""
| #define PACKAGE_BUGREPORT ""
| #define STDC_HEADERS 1
| #define HAVE_SYS_TYPES_H 1
| #define HAVE_SYS_STAT_H 1
| #define HAVE_STDLIB_H 1
| #define HAVE_STRING_H 1
| #define HAVE_MEMORY_H 1
| #define HAVE_STRINGS_H 1
| #define HAVE_INTTYPES_H 1
| #define HAVE_STDINT_H 1
| #define HAVE_UNISTD_H 1
| #define HAVE_SYS_PARAM_H 1
| #define HAVE_SYS_TIME_H 1
| #define HAVE_ELF_H 1
| #define HAVE_STRINGS_H 1
| #define HAVE_STDBOOL_H 1
| #define TIME_WITH_SYS_TIME 1
| /* end confdefs.h.  */
| #include <sys/types.h>
| 		#include <sys/param.h>
| 
| int
| main ()
| {
| #if BYTE_ORDER != BIG_ENDIAN
| 		 not big endian
| 		#endif
| 
|   ;
|   return 0;
| }
configure:5127: result: no
configure:5157: checking for strndup
configure:5213: gcc -o conftest -g -O2   conftest.c -ldl  >&5
conftest.c:47: warning: conflicting types for built-in function 'strndup'
configure:5220: $? = 0
configure:5242: result: yes
configure:5258: checking for strnlen
configure:5314: gcc -o conftest -g -O2   conftest.c -ldl  >&5
configure:5321: $? = 0
configure:5343: result: yes
configure:5359: checking for gettimeofday
configure:5415: gcc -o conftest -g -O2   conftest.c -ldl  >&5
configure:5422: $? = 0
configure:5444: result: yes
configure:5460: checking for usleep
configure:5516: gcc -o conftest -g -O2   conftest.c -ldl  >&5
configure:5523: $? = 0
configure:5545: result: yes
configure:5561: checking for vasprintf
configure:5617: gcc -o conftest -g -O2   conftest.c -ldl  >&5
configure:5624: $? = 0
configure:5646: result: yes
configure:5678: checking for "./guess-rev.sh"
configure:5695: result: yes
configure:6846: checking for a BSD-compatible install
configure:6914: result: /usr/bin/install -c
configure:6925: checking whether build environment is sane
configure:6968: result: yes
configure:6993: checking for a thread-safe mkdir -p
configure:7032: result: /bin/mkdir -p
configure:7045: checking for gawk
configure:7075: result: no
configure:7045: checking for mawk
configure:7061: found /usr/bin/mawk
configure:7072: result: mawk
configure:7083: checking whether make sets $(MAKE)
configure:7105: result: yes
configure:7135: checking for style of include used by make
configure:7163: result: GNU
configure:7352: checking dependency style of gcc
configure:7443: result: gcc3
configure:7731: checking for gcc
configure:7758: result: gcc
configure:7990: checking for C compiler version
configure:7998: gcc --version >&5
gcc (Ubuntu 4.3.3-5ubuntu4) 4.3.3
Copyright (C) 2008 Free Software Foundation, Inc.
This is free software; see the source for copying conditions.  There is NO
warranty; not even for MERCHANTABILITY or FITNESS FOR A PARTICULAR PURPOSE.

configure:8002: $? = 0
configure:8009: gcc -v >&5
Using built-in specs.
Target: i486-linux-gnu
Configured with: ../src/configure -v --with-pkgversion='Ubuntu 4.3.3-5ubuntu4' --with-bugurl=file:///usr/share/doc/gcc-4.3/README.Bugs --enable-languages=c,c++,fortran,objc,obj-c++ --prefix=/usr --enable-shared --with-system-zlib --libexecdir=/usr/lib --without-included-gettext --enable-threads=posix --enable-nls --with-gxx-include-dir=/usr/include/c++/4.3 --program-suffix=-4.3 --enable-clocale=gnu --enable-libstdcxx-debug --enable-objc-gc --enable-mpfr --enable-targets=all --with-tune=generic --enable-checking=release --build=i486-linux-gnu --host=i486-linux-gnu --target=i486-linux-gnu
Thread model: posix
gcc version 4.3.3 (Ubuntu 4.3.3-5ubuntu4) 
configure:8013: $? = 0
configure:8020: gcc -V >&5
gcc: '-V' option must have argument
configure:8024: $? = 1
configure:8027: checking whether we are using the GNU C compiler
configure:8080: result: yes
configure:8089: checking whether gcc accepts -g
configure:8227: result: yes
configure:8244: checking for gcc option to accept ISO C89
configure:8348: result: none needed
configure:8409: checking for ranlib
configure:8425: found /usr/bin/ranlib
configure:8436: result: ranlib
configure:8468: checking for a C compiler for build tools
configure:8519: result: gcc
configure:8524: checking for suffix of executable build tools
configure:8555: result: 
configure:8867: creating ./config.status

## ---------------------- ##
## Running config.status. ##
## ---------------------- ##

This file was extended by config.status, which was
generated by GNU Autoconf 2.63.  Invocation command line was

  CONFIG_FILES    = 
  CONFIG_HEADERS  = 
  CONFIG_LINKS    = 
  CONFIG_COMMANDS = 
  $ ./config.status 

on ubuntu

config.status:882: creating Makefile
config.status:882: creating src/Makefile
config.status:882: creating src/helper/Makefile
config.status:882: creating src/jtag/Makefile
config.status:882: creating src/xsvf/Makefile
config.status:882: creating src/svf/Makefile
config.status:882: creating src/target/Makefile
config.status:882: creating src/server/Makefile
config.status:882: creating src/flash/Makefile
config.status:882: creating src/pld/Makefile
config.status:882: creating doc/Makefile
config.status:882: creating config.h
config.status:1104: config.h is unchanged
config.status:1156: executing depfiles commands

## ---------------- ##
## Cache variables. ##
## ---------------- ##

ac_cv_build=i686-pc-linux-gnu
ac_cv_c_bigendian=no
ac_cv_c_compiler_gnu=yes
ac_cv_env_CC_set=
ac_cv_env_CC_value=
ac_cv_env_CFLAGS_set=
ac_cv_env_CFLAGS_value=
ac_cv_env_CPPFLAGS_set=
ac_cv_env_CPPFLAGS_value=
ac_cv_env_CPP_set=
ac_cv_env_CPP_value=
ac_cv_env_LDFLAGS_set=
ac_cv_env_LDFLAGS_value=
ac_cv_env_LIBS_set=
ac_cv_env_LIBS_value=
ac_cv_env_build_alias_set=
ac_cv_env_build_alias_value=
ac_cv_env_host_alias_set=
ac_cv_env_host_alias_value=
ac_cv_env_target_alias_set=
ac_cv_env_target_alias_value=
ac_cv_file___guess_rev_sh=yes
ac_cv_func_gettimeofday=yes
ac_cv_func_strndup=yes
ac_cv_func_strnlen=yes
ac_cv_func_usleep=yes
ac_cv_func_vasprintf=yes
ac_cv_header_elf_h=yes
ac_cv_header_inttypes_h=yes
ac_cv_header_jtag_minidriver_h=no
ac_cv_header_memory_h=yes
ac_cv_header_stdbool_h=yes
ac_cv_header_stdc=yes
ac_cv_header_stdint_h=yes
ac_cv_header_stdlib_h=yes
ac_cv_header_string_h=yes
ac_cv_header_strings_h=yes
ac_cv_header_sys_param_h=yes
ac_cv_header_sys_stat_h=yes
ac_cv_header_sys_time_h=yes
ac_cv_header_sys_types_h=yes
ac_cv_header_time=yes
ac_cv_header_unistd_h=yes
ac_cv_host=i686-pc-linux-gnu
ac_cv_objext=o
ac_cv_path_EGREP='/bin/grep -E'
ac_cv_path_GREP=/bin/grep
ac_cv_path_install='/usr/bin/install -c'
ac_cv_path_mkdir=/bin/mkdir
ac_cv_prog_AWK=mawk
ac_cv_prog_CPP='gcc -E'
ac_cv_prog_ac_ct_CC=gcc
ac_cv_prog_ac_ct_RANLIB=ranlib
ac_cv_prog_cc_c89=
ac_cv_prog_cc_g=yes
ac_cv_prog_make_make_set=yes
ac_cv_search_dlopen=-ldl
ac_cv_search_ioperm='none required'
am_cv_CC_dependencies_compiler_type=gcc3

## ----------------- ##
## Output variables. ##
## ----------------- ##

ACLOCAL='${SHELL} /home/ubuntu/Desktop/openocd/openocd/missing --run aclocal-1.10'
AMDEPBACKSLASH='\'
AMDEP_FALSE='#'
AMDEP_TRUE=''
AMTAR='${SHELL} /home/ubuntu/Desktop/openocd/openocd/missing --run tar'
AMTJTAGACCEL_FALSE=''
AMTJTAGACCEL_TRUE='#'
ARMJTAGEW_FALSE=''
ARMJTAGEW_TRUE='#'
AT91RM9200_FALSE=''
AT91RM9200_TRUE='#'
AUTOCONF='${SHELL} /home/ubuntu/Desktop/openocd/openocd/missing --run autoconf'
AUTOHEADER='${SHELL} /home/ubuntu/Desktop/openocd/openocd/missing --run autoheader'
AUTOMAKE='${SHELL} /home/ubuntu/Desktop/openocd/openocd/missing --run automake-1.10'
AWK='mawk'
BITBANG_FALSE=''
BITBANG_TRUE='#'
BITQ_FALSE=''
BITQ_TRUE='#'
CC='gcc'
CCDEPMODE='depmode=gcc3'
CC_FOR_BUILD='gcc'
CFLAGS='-g -O2 -I${prefix}/include -Wall -Wstrict-prototypes'
CFLAGS_FOR_BUILD='-g -O2 -I${prefix}/include -Wall -Wstrict-prototypes'
CPP='gcc -E'
CPPFLAGS=''
CYGPATH_W='echo'
DEFS='-DHAVE_CONFIG_H'
DEPDIR='.deps'
DUMMY_FALSE=''
DUMMY_TRUE='#'
ECHO_C=''
ECHO_N='-n'
ECHO_T=''
ECOSBOARD_FALSE=''
ECOSBOARD_TRUE='#'
EGREP='/bin/grep -E'
EP93XX_FALSE=''
EP93XX_TRUE='#'
EXEEXT=''
EXEEXT_FOR_BUILD=''
FT2232_FTD2XX_FALSE=''
FT2232_FTD2XX_TRUE='#'
FT2232_LIBFTDI_FALSE=''
FT2232_LIBFTDI_TRUE='#'
GIVEIO_FALSE=''
GIVEIO_TRUE='#'
GREP='/bin/grep'
GW16012_FALSE=''
GW16012_TRUE='#'
HTTPD_FALSE=''
HTTPD_TRUE='#'
INSTALL_DATA='${INSTALL} -m 644'
INSTALL_PROGRAM='${INSTALL}'
INSTALL_SCRIPT='${INSTALL}'
INSTALL_STRIP_PROGRAM='$(install_sh) -c -s'
IOUTIL_FALSE=''
IOUTIL_TRUE='#'
IS_CYGWIN_FALSE=''
IS_CYGWIN_TRUE='#'
IS_MINGW_FALSE=''
IS_MINGW_TRUE='#'
IS_WIN32_FALSE=''
IS_WIN32_TRUE='#'
JLINK_FALSE=''
JLINK_TRUE='#'
LDFLAGS=' -L/opt/arm/lib -Wl,-rpath,/opt/arm/lib'
LIBOBJS=''
LIBS='-ldl '
LTLIBOBJS=''
MAKEINFO='${SHELL} /home/ubuntu/Desktop/openocd/openocd/missing --run makeinfo'
MKDIR_P='/bin/mkdir -p'
OBJEXT='o'
OOCD_TRACE_FALSE=''
OOCD_TRACE_TRUE='#'
OPENDOUS_FALSE='#'
OPENDOUS_TRUE=''
PACKAGE='openocd'
PACKAGE_BUGREPORT=''
PACKAGE_NAME=''
PACKAGE_STRING=''
PACKAGE_TARNAME=''
PACKAGE_VERSION=''
PARPORT_FALSE=''
PARPORT_TRUE='#'
PATH_SEPARATOR=':'
PRESTO_FTD2XX_FALSE=''
PRESTO_FTD2XX_TRUE='#'
PRESTO_LIBFTDI_FALSE=''
PRESTO_LIBFTDI_TRUE='#'
RANLIB='ranlib'
RELEASE_FALSE=''
RELEASE_TRUE='#'
RLINK_FALSE=''
RLINK_TRUE='#'
SET_MAKE=''
SHELL='/bin/bash'
STRIP=''
USBPROG_FALSE=''
USBPROG_TRUE='#'
VERSION='1.0'
VSLLINK_FALSE=''
VSLLINK_TRUE='#'
ac_ct_CC='gcc'
am__fastdepCC_FALSE='#'
am__fastdepCC_TRUE=''
am__include='include'
am__isrc=''
am__leading_dot='.'
am__quote=''
am__tar='${AMTAR} chof - "$$tardir"'
am__untar='${AMTAR} xf -'
bindir='${exec_prefix}/bin'
build='i686-pc-linux-gnu'
build_alias=''
build_cpu='i686'
build_os='linux-gnu'
build_vendor='pc'
datadir='${datarootdir}'
datarootdir='${prefix}/share'
docdir='${datarootdir}/doc/${PACKAGE}'
dvidir='${docdir}'
exec_prefix='${prefix}'
host='i686-pc-linux-gnu'
host_alias=''
host_cpu='i686'
host_os='linux-gnu'
host_vendor='pc'
htmldir='${docdir}'
includedir='${prefix}/include'
infodir='${datarootdir}/info'
install_sh='$(SHELL) /home/ubuntu/Desktop/openocd/openocd/install-sh'
libdir='${exec_prefix}/lib'
libexecdir='${exec_prefix}/libexec'
localedir='${datarootdir}/locale'
localstatedir='${prefix}/var'
mandir='${datarootdir}/man'
mkdir_p='/bin/mkdir -p'
oldincludedir='/usr/include'
pdfdir='${docdir}'
prefix='/opt/arm'
program_transform_name='s,x,x,'
psdir='${docdir}'
sbindir='${exec_prefix}/sbin'
sharedstatedir='${prefix}/com'
sysconfdir='${prefix}/etc'
target_alias=''

## ----------- ##
## confdefs.h. ##
## ----------- ##

#define PACKAGE_NAME ""
#define PACKAGE_TARNAME ""
#define PACKAGE_VERSION ""
#define PACKAGE_STRING ""
#define PACKAGE_BUGREPORT ""
#define STDC_HEADERS 1
#define HAVE_SYS_TYPES_H 1
#define HAVE_SYS_STAT_H 1
#define HAVE_STDLIB_H 1
#define HAVE_STRING_H 1
#define HAVE_MEMORY_H 1
#define HAVE_STRINGS_H 1
#define HAVE_INTTYPES_H 1
#define HAVE_STDINT_H 1
#define HAVE_UNISTD_H 1
#define HAVE_SYS_PARAM_H 1
#define HAVE_SYS_TIME_H 1
#define HAVE_ELF_H 1
#define HAVE_STRINGS_H 1
#define HAVE_STDBOOL_H 1
#define TIME_WITH_SYS_TIME 1
#define HAVE_STRNDUP 1
#define HAVE_STRNLEN 1
#define HAVE_GETTIMEOFDAY 1
#define HAVE_USLEEP 1
#define HAVE_VASPRINTF 1
#define IS_CYGWIN 0
#define IS_WIN32 0
#define BUILD_PARPORT 0
#define BUILD_DUMMY 0
#define BUILD_EP93XX 0
#define BUILD_ECOSBOARD 0
#define BUILD_IOUTIL 0
#define BUILD_HTTPD 0
#define BUILD_AT91RM9200 0
#define PARPORT_USE_PPDEV 0
#define PARPORT_USE_GIVEIO 0
#define BUILD_BITBANG 0
#define BUILD_FT2232_LIBFTDI 0
#define BUILD_FT2232_FTD2XX 0
#define BUILD_AMTJTAGACCEL 0
#define BUILD_GW16012 0
#define BUILD_PRESTO_LIBFTDI 0
#define BUILD_PRESTO_FTD2XX 0
#define BUILD_BITQ 0
#define BUILD_USBPROG 0
#define BUILD_OOCD_TRACE 0
#define BUILD_JLINK 0
#define BUILD_OPENDOUS 1
#define BUILD_VSLLINK 0
#define BUILD_RLINK 0
#define BUILD_ARMJTAGEW 0
#define PACKAGE "openocd"
#define VERSION "1.0"

configure: exit 0
