   1               		.file	"stats.c"
   2               	__SREG__ = 0x3f
   3               	__SP_H__ = 0x3e
   4               	__SP_L__ = 0x3d
   5               	__CCP__  = 0x34
   6               	__tmp_reg__ = 0
   7               	__zero_reg__ = 1
  15               	.Ltext0:
  16               		.comm lwip_stats,240,1
  17               	.Letext0:
DEFINED SYMBOLS
                            *ABS*:00000000 stats.c
C:\DOCUME~1\ADMINI~1\LOCALS~1\Temp/cc7pjHKo.s:2      *ABS*:0000003f __SREG__
C:\DOCUME~1\ADMINI~1\LOCALS~1\Temp/cc7pjHKo.s:3      *ABS*:0000003e __SP_H__
C:\DOCUME~1\ADMINI~1\LOCALS~1\Temp/cc7pjHKo.s:4      *ABS*:0000003d __SP_L__
C:\DOCUME~1\ADMINI~1\LOCALS~1\Temp/cc7pjHKo.s:5      *ABS*:00000034 __CCP__
C:\DOCUME~1\ADMINI~1\LOCALS~1\Temp/cc7pjHKo.s:6      *ABS*:00000000 __tmp_reg__
C:\DOCUME~1\ADMINI~1\LOCALS~1\Temp/cc7pjHKo.s:7      *ABS*:00000001 __zero_reg__
                            *COM*:000000f0 lwip_stats

UNDEFINED SYMBOLS
__do_clear_bss
