   1               		.file	"fs.c"
   2               	__SREG__ = 0x3f
   3               	__SP_H__ = 0x3e
   4               	__SP_L__ = 0x3d
   5               	__CCP__  = 0x34
   6               	__tmp_reg__ = 0
   7               	__zero_reg__ = 1
  15               	.Ltext0:
  16               		.section	.text.fs_open,"ax",@progbits
  17               	.global	fs_open
  19               	fs_open:
  20               	.LFB2:
  21               	.LSM0:
  22               	.LVL0:
  23 0000 0F93      		push r16
  24 0002 1F93      		push r17
  25 0004 CF93      		push r28
  26 0006 DF93      		push r29
  27               	/* prologue: function */
  28               	/* frame size = 0 */
  29 0008 8C01      		movw r16,r24
  30 000a EB01      		movw r28,r22
  31               	.LSM1:
  32 000c 6091 0000 		lds r22,httpd_fsdata_file+2
  33 0010 7091 0000 		lds r23,(httpd_fsdata_file+2)+1
  34               	.LVL1:
  35 0014 0E94 0000 		call strcmp_P
  36               	.LVL2:
  37 0018 892B      		or r24,r25
  38 001a 01F4      		brne .L2
  39 001c E0E0      		ldi r30,lo8(0)
  40 001e F0E0      		ldi r31,hi8(0)
  41               	.LVL3:
  42 0020 00C0      		rjmp .L3
  43               	.LVL4:
  44               	.L2:
  45 0022 6091 0000 		lds r22,httpd_fsdata_file+10
  46 0026 7091 0000 		lds r23,(httpd_fsdata_file+10)+1
  47 002a C801      		movw r24,r16
  48 002c 0E94 0000 		call strcmp_P
  49 0030 892B      		or r24,r25
  50 0032 01F0      		breq .L4
  51 0034 20E0      		ldi r18,lo8(0)
  52 0036 30E0      		ldi r19,hi8(0)
  53 0038 00C0      		rjmp .L5
  54               	.L4:
  55 003a E1E0      		ldi r30,lo8(1)
  56 003c F0E0      		ldi r31,hi8(1)
  57               	.LVL5:
  58               	.L3:
  59               	.LSM2:
  60 003e 83E0      		ldi r24,3
  61 0040 EE0F      	1:	lsl r30
  62 0042 FF1F      		rol r31
  63 0044 8A95      		dec r24
  64 0046 01F4      		brne 1b
  65               	.LVL6:
  66 0048 E050      		subi r30,lo8(-(httpd_fsdata_file))
  67 004a F040      		sbci r31,hi8(-(httpd_fsdata_file))
  68 004c 8481      		ldd r24,Z+4
  69 004e 9581      		ldd r25,Z+5
  70 0050 9983      		std Y+1,r25
  71 0052 8883      		st Y,r24
  72               	.LSM3:
  73 0054 8681      		ldd r24,Z+6
  74 0056 9781      		ldd r25,Z+7
  75 0058 9B83      		std Y+3,r25
  76 005a 8A83      		std Y+2,r24
  77               	.LSM4:
  78 005c 8081      		ld r24,Z
  79 005e 9181      		ldd r25,Z+1
  80 0060 9D83      		std Y+5,r25
  81 0062 8C83      		std Y+4,r24
  82 0064 21E0      		ldi r18,lo8(1)
  83 0066 30E0      		ldi r19,hi8(1)
  84               	.L5:
  85               	.LSM5:
  86 0068 C901      		movw r24,r18
  87               	/* epilogue start */
  88 006a DF91      		pop r29
  89 006c CF91      		pop r28
  90               	.LVL7:
  91 006e 1F91      		pop r17
  92 0070 0F91      		pop r16
  93               	.LVL8:
  94 0072 0895      		ret
  95               	.LFE2:
  97               	.global	httpd_fsdata_file
  98               		.data
 101               	httpd_fsdata_file:
 102 0000 0000      		.word	http_content_type_html
 103 0002 0000      		.word	data_404_html
 104 0004 0000      		.word	data_404_html+10
 105 0006 4100      		.word	65
 106 0008 0000      		.word	http_content_type_html
 107 000a 0000      		.word	data_index_html
 108 000c 0000      		.word	data_index_html+12
 109 000e 3C00      		.word	60
 110               		.section	.progmem.data,"a",@progbits
 113               	data_404_html:
 114 0000 2F        		.byte	47
 115 0001 34        		.byte	52
 116 0002 30        		.byte	48
 117 0003 34        		.byte	52
 118 0004 2E        		.byte	46
 119 0005 68        		.byte	104
 120 0006 74        		.byte	116
 121 0007 6D        		.byte	109
 122 0008 6C        		.byte	108
 123 0009 00        		.byte	0
 124 000a 3C        		.byte	60
 125 000b 68        		.byte	104
 126 000c 74        		.byte	116
 127 000d 6D        		.byte	109
 128 000e 6C        		.byte	108
 129 000f 3E        		.byte	62
 130 0010 3C        		.byte	60
 131 0011 62        		.byte	98
 132 0012 6F        		.byte	111
 133 0013 64        		.byte	100
 134 0014 79        		.byte	121
 135 0015 3E        		.byte	62
 136 0016 3C        		.byte	60
 137 0017 63        		.byte	99
 138 0018 65        		.byte	101
 139 0019 6E        		.byte	110
 140 001a 74        		.byte	116
 141 001b 65        		.byte	101
 142 001c 72        		.byte	114
 143 001d 3E        		.byte	62
 144 001e 34        		.byte	52
 145 001f 30        		.byte	48
 146 0020 34        		.byte	52
 147 0021 20        		.byte	32
 148 0022 2D        		.byte	45
 149 0023 20        		.byte	32
 150 0024 66        		.byte	102
 151 0025 69        		.byte	105
 152 0026 6C        		.byte	108
 153 0027 65        		.byte	101
 154 0028 20        		.byte	32
 155 0029 6E        		.byte	110
 156 002a 6F        		.byte	111
 157 002b 74        		.byte	116
 158 002c 20        		.byte	32
 159 002d 66        		.byte	102
 160 002e 6F        		.byte	111
 161 002f 75        		.byte	117
 162 0030 6E        		.byte	110
 163 0031 64        		.byte	100
 164 0032 3C        		.byte	60
 165 0033 2F        		.byte	47
 166 0034 63        		.byte	99
 167 0035 65        		.byte	101
 168 0036 6E        		.byte	110
 169 0037 74        		.byte	116
 170 0038 65        		.byte	101
 171 0039 72        		.byte	114
 172 003a 3E        		.byte	62
 173 003b 3C        		.byte	60
 174 003c 2F        		.byte	47
 175 003d 62        		.byte	98
 176 003e 6F        		.byte	111
 177 003f 64        		.byte	100
 178 0040 79        		.byte	121
 179 0041 3E        		.byte	62
 180 0042 3C        		.byte	60
 181 0043 2F        		.byte	47
 182 0044 68        		.byte	104
 183 0045 74        		.byte	116
 184 0046 6D        		.byte	109
 185 0047 6C        		.byte	108
 186 0048 3E        		.byte	62
 187 0049 0A        		.byte	10
 188 004a 00        		.byte	0
 191               	data_index_html:
 192 004b 2F        		.byte	47
 193 004c 69        		.byte	105
 194 004d 6E        		.byte	110
 195 004e 64        		.byte	100
 196 004f 65        		.byte	101
 197 0050 78        		.byte	120
 198 0051 2E        		.byte	46
 199 0052 68        		.byte	104
 200 0053 74        		.byte	116
 201 0054 6D        		.byte	109
 202 0055 6C        		.byte	108
 203 0056 00        		.byte	0
 204 0057 3C        		.byte	60
 205 0058 68        		.byte	104
 206 0059 74        		.byte	116
 207 005a 6D        		.byte	109
 208 005b 6C        		.byte	108
 209 005c 3E        		.byte	62
 210 005d 0A        		.byte	10
 211 005e 3C        		.byte	60
 212 005f 68        		.byte	104
 213 0060 65        		.byte	101
 214 0061 61        		.byte	97
 215 0062 64        		.byte	100
 216 0063 65        		.byte	101
 217 0064 72        		.byte	114
 218 0065 3E        		.byte	62
 219 0066 0A        		.byte	10
 220 0067 6C        		.byte	108
 221 0068 77        		.byte	119
 222 0069 48        		.byte	72
 223 006a 54        		.byte	84
 224 006b 54        		.byte	84
 225 006c 50        		.byte	80
 226 006d 44        		.byte	68
 227 006e 20        		.byte	32
 228 006f 0A        		.byte	10
 229 0070 3C        		.byte	60
 230 0071 2F        		.byte	47
 231 0072 68        		.byte	104
 232 0073 65        		.byte	101
 233 0074 61        		.byte	97
 234 0075 64        		.byte	100
 235 0076 65        		.byte	101
 236 0077 72        		.byte	114
 237 0078 3E        		.byte	62
 238 0079 0A        		.byte	10
 239 007a 3C        		.byte	60
 240 007b 48        		.byte	72
 241 007c 31        		.byte	49
 242 007d 3E        		.byte	62
 243 007e 6C        		.byte	108
 244 007f 77        		.byte	119
 245 0080 48        		.byte	72
 246 0081 54        		.byte	84
 247 0082 54        		.byte	84
 248 0083 50        		.byte	80
 249 0084 44        		.byte	68
 250 0085 3C        		.byte	60
 251 0086 2F        		.byte	47
 252 0087 48        		.byte	72
 253 0088 31        		.byte	49
 254 0089 3E        		.byte	62
 255 008a 0A        		.byte	10
 256 008b 3C        		.byte	60
 257 008c 2F        		.byte	47
 258 008d 68        		.byte	104
 259 008e 74        		.byte	116
 260 008f 6D        		.byte	109
 261 0090 6C        		.byte	108
 262 0091 3E        		.byte	62
 263 0092 00        		.byte	0
 288               	.Letext0:
DEFINED SYMBOLS
                            *ABS*:00000000 fs.c
C:\DOCUME~1\ADMINI~1\LOCALS~1\Temp/ccC4bk3q.s:2      *ABS*:0000003f __SREG__
C:\DOCUME~1\ADMINI~1\LOCALS~1\Temp/ccC4bk3q.s:3      *ABS*:0000003e __SP_H__
C:\DOCUME~1\ADMINI~1\LOCALS~1\Temp/ccC4bk3q.s:4      *ABS*:0000003d __SP_L__
C:\DOCUME~1\ADMINI~1\LOCALS~1\Temp/ccC4bk3q.s:5      *ABS*:00000034 __CCP__
C:\DOCUME~1\ADMINI~1\LOCALS~1\Temp/ccC4bk3q.s:6      *ABS*:00000000 __tmp_reg__
C:\DOCUME~1\ADMINI~1\LOCALS~1\Temp/ccC4bk3q.s:7      *ABS*:00000001 __zero_reg__
C:\DOCUME~1\ADMINI~1\LOCALS~1\Temp/ccC4bk3q.s:19     .text.fs_open:00000000 fs_open
C:\DOCUME~1\ADMINI~1\LOCALS~1\Temp/ccC4bk3q.s:101    .data:00000000 httpd_fsdata_file
C:\DOCUME~1\ADMINI~1\LOCALS~1\Temp/ccC4bk3q.s:113    .progmem.data:00000000 data_404_html
C:\DOCUME~1\ADMINI~1\LOCALS~1\Temp/ccC4bk3q.s:191    .progmem.data:0000004b data_index_html

UNDEFINED SYMBOLS
strcmp_P
http_content_type_html
__do_copy_data
