   1               		.file	"http-strings.c"
   2               	__SREG__ = 0x3f
   3               	__SP_H__ = 0x3e
   4               	__SP_L__ = 0x3d
   5               	__CCP__  = 0x34
   6               	__tmp_reg__ = 0
   7               	__zero_reg__ = 1
  15               	.Ltext0:
  16               	.global	http_http
  17               		.section	.progmem.data,"a",@progbits
  20               	http_http:
  21 0000 68        		.byte	104
  22 0001 74        		.byte	116
  23 0002 74        		.byte	116
  24 0003 70        		.byte	112
  25 0004 3A        		.byte	58
  26 0005 2F        		.byte	47
  27 0006 2F        		.byte	47
  28 0007 00        		.skip 1,0
  29               	.global	http_200
  32               	http_200:
  33 0008 32        		.byte	50
  34 0009 30        		.byte	48
  35 000a 30        		.byte	48
  36 000b 20        		.byte	32
  37 000c 00        		.skip 1,0
  38               	.global	http_301
  41               	http_301:
  42 000d 33        		.byte	51
  43 000e 30        		.byte	48
  44 000f 31        		.byte	49
  45 0010 20        		.byte	32
  46 0011 00        		.skip 1,0
  47               	.global	http_302
  50               	http_302:
  51 0012 33        		.byte	51
  52 0013 30        		.byte	48
  53 0014 32        		.byte	50
  54 0015 20        		.byte	32
  55 0016 00        		.skip 1,0
  56               	.global	http_get
  59               	http_get:
  60 0017 47        		.byte	71
  61 0018 45        		.byte	69
  62 0019 54        		.byte	84
  63 001a 20        		.byte	32
  64 001b 00        		.skip 1,0
  65               	.global	http_10
  68               	http_10:
  69 001c 48        		.byte	72
  70 001d 54        		.byte	84
  71 001e 54        		.byte	84
  72 001f 50        		.byte	80
  73 0020 2F        		.byte	47
  74 0021 31        		.byte	49
  75 0022 2E        		.byte	46
  76 0023 30        		.byte	48
  77 0024 00        		.skip 1,0
  78               	.global	http_11
  81               	http_11:
  82 0025 48        		.byte	72
  83 0026 54        		.byte	84
  84 0027 54        		.byte	84
  85 0028 50        		.byte	80
  86 0029 2F        		.byte	47
  87 002a 31        		.byte	49
  88 002b 2E        		.byte	46
  89 002c 31        		.byte	49
  90 002d 00        		.skip 1,0
  91               	.global	http_content_type
  94               	http_content_type:
  95 002e 63        		.byte	99
  96 002f 6F        		.byte	111
  97 0030 6E        		.byte	110
  98 0031 74        		.byte	116
  99 0032 65        		.byte	101
 100 0033 6E        		.byte	110
 101 0034 74        		.byte	116
 102 0035 2D        		.byte	45
 103 0036 74        		.byte	116
 104 0037 79        		.byte	121
 105 0038 70        		.byte	112
 106 0039 65        		.byte	101
 107 003a 3A        		.byte	58
 108 003b 20        		.byte	32
 109 003c 00        		.skip 1,0
 110               	.global	http_texthtml
 113               	http_texthtml:
 114 003d 74        		.byte	116
 115 003e 65        		.byte	101
 116 003f 78        		.byte	120
 117 0040 74        		.byte	116
 118 0041 2F        		.byte	47
 119 0042 68        		.byte	104
 120 0043 74        		.byte	116
 121 0044 6D        		.byte	109
 122 0045 6C        		.byte	108
 123 0046 00        		.skip 1,0
 124               	.global	http_location
 127               	http_location:
 128 0047 6C        		.byte	108
 129 0048 6F        		.byte	111
 130 0049 63        		.byte	99
 131 004a 61        		.byte	97
 132 004b 74        		.byte	116
 133 004c 69        		.byte	105
 134 004d 6F        		.byte	111
 135 004e 6E        		.byte	110
 136 004f 3A        		.byte	58
 137 0050 20        		.byte	32
 138 0051 00        		.skip 1,0
 139               	.global	http_host
 142               	http_host:
 143 0052 68        		.byte	104
 144 0053 6F        		.byte	111
 145 0054 73        		.byte	115
 146 0055 74        		.byte	116
 147 0056 3A        		.byte	58
 148 0057 20        		.byte	32
 149 0058 00        		.skip 1,0
 150               	.global	http_crnl
 153               	http_crnl:
 154 0059 0D        		.byte	13
 155 005a 0A        		.byte	10
 156 005b 00        		.skip 1,0
 157               	.global	http_index_shtml
 160               	http_index_shtml:
 161 005c 2F        		.byte	47
 162 005d 69        		.byte	105
 163 005e 6E        		.byte	110
 164 005f 64        		.byte	100
 165 0060 65        		.byte	101
 166 0061 78        		.byte	120
 167 0062 2E        		.byte	46
 168 0063 73        		.byte	115
 169 0064 68        		.byte	104
 170 0065 74        		.byte	116
 171 0066 6D        		.byte	109
 172 0067 6C        		.byte	108
 173 0068 00        		.skip 1,0
 174               	.global	http_404_html
 177               	http_404_html:
 178 0069 2F        		.byte	47
 179 006a 34        		.byte	52
 180 006b 30        		.byte	48
 181 006c 34        		.byte	52
 182 006d 2E        		.byte	46
 183 006e 68        		.byte	104
 184 006f 74        		.byte	116
 185 0070 6D        		.byte	109
 186 0071 6C        		.byte	108
 187 0072 00        		.skip 1,0
 188               	.global	http_referer
 191               	http_referer:
 192 0073 52        		.byte	82
 193 0074 65        		.byte	101
 194 0075 66        		.byte	102
 195 0076 65        		.byte	101
 196 0077 72        		.byte	114
 197 0078 65        		.byte	101
 198 0079 72        		.byte	114
 199 007a 3A        		.byte	58
 200 007b 00        		.skip 1,0
 201               	.global	http_server
 204               	http_server:
 205 007c 53        		.byte	83
 206 007d 65        		.byte	101
 207 007e 72        		.byte	114
 208 007f 76        		.byte	118
 209 0080 65        		.byte	101
 210 0081 72        		.byte	114
 211 0082 3A        		.byte	58
 212 0083 20        		.byte	32
 213 0084 6C        		.byte	108
 214 0085 77        		.byte	119
 215 0086 49        		.byte	73
 216 0087 50        		.byte	80
 217 0088 2F        		.byte	47
 218 0089 31        		.byte	49
 219 008a 2E        		.byte	46
 220 008b 33        		.byte	51
 221 008c 2E        		.byte	46
 222 008d 30        		.byte	48
 223 008e 20        		.byte	32
 224 008f 28        		.byte	40
 225 0090 68        		.byte	104
 226 0091 74        		.byte	116
 227 0092 74        		.byte	116
 228 0093 70        		.byte	112
 229 0094 3A        		.byte	58
 230 0095 2F        		.byte	47
 231 0096 2F        		.byte	47
 232 0097 77        		.byte	119
 233 0098 77        		.byte	119
 234 0099 77        		.byte	119
 235 009a 2E        		.byte	46
 236 009b 73        		.byte	115
 237 009c 69        		.byte	105
 238 009d 63        		.byte	99
 239 009e 73        		.byte	115
 240 009f 2E        		.byte	46
 241 00a0 73        		.byte	115
 242 00a1 65        		.byte	101
 243 00a2 2F        		.byte	47
 244 00a3 7E        		.byte	126
 245 00a4 61        		.byte	97
 246 00a5 64        		.byte	100
 247 00a6 61        		.byte	97
 248 00a7 6D        		.byte	109
 249 00a8 2F        		.byte	47
 250 00a9 6C        		.byte	108
 251 00aa 77        		.byte	119
 252 00ab 69        		.byte	105
 253 00ac 70        		.byte	112
 254 00ad 2F        		.byte	47
 255 00ae 29        		.byte	41
 256 00af 0D        		.byte	13
 257 00b0 0A        		.byte	10
 258 00b1 00        		.skip 1,0
 259               	.global	http_header_200
 262               	http_header_200:
 263 00b2 48        		.byte	72
 264 00b3 54        		.byte	84
 265 00b4 54        		.byte	84
 266 00b5 50        		.byte	80
 267 00b6 2F        		.byte	47
 268 00b7 31        		.byte	49
 269 00b8 2E        		.byte	46
 270 00b9 30        		.byte	48
 271 00ba 20        		.byte	32
 272 00bb 32        		.byte	50
 273 00bc 30        		.byte	48
 274 00bd 30        		.byte	48
 275 00be 20        		.byte	32
 276 00bf 4F        		.byte	79
 277 00c0 4B        		.byte	75
 278 00c1 0D        		.byte	13
 279 00c2 0A        		.byte	10
 280 00c3 00        		.skip 1,0
 281               	.global	http_connect_close
 284               	http_connect_close:
 285 00c4 43        		.byte	67
 286 00c5 6F        		.byte	111
 287 00c6 6E        		.byte	110
 288 00c7 6E        		.byte	110
 289 00c8 65        		.byte	101
 290 00c9 63        		.byte	99
 291 00ca 74        		.byte	116
 292 00cb 69        		.byte	105
 293 00cc 6F        		.byte	111
 294 00cd 6E        		.byte	110
 295 00ce 3A        		.byte	58
 296 00cf 20        		.byte	32
 297 00d0 63        		.byte	99
 298 00d1 6C        		.byte	108
 299 00d2 6F        		.byte	111
 300 00d3 73        		.byte	115
 301 00d4 65        		.byte	101
 302 00d5 0D        		.byte	13
 303 00d6 0A        		.byte	10
 304 00d7 00        		.skip 1,0
 305               	.global	http_header_404
 308               	http_header_404:
 309 00d8 48        		.byte	72
 310 00d9 54        		.byte	84
 311 00da 54        		.byte	84
 312 00db 50        		.byte	80
 313 00dc 2F        		.byte	47
 314 00dd 31        		.byte	49
 315 00de 2E        		.byte	46
 316 00df 30        		.byte	48
 317 00e0 20        		.byte	32
 318 00e1 34        		.byte	52
 319 00e2 30        		.byte	48
 320 00e3 34        		.byte	52
 321 00e4 20        		.byte	32
 322 00e5 4E        		.byte	78
 323 00e6 6F        		.byte	111
 324 00e7 74        		.byte	116
 325 00e8 20        		.byte	32
 326 00e9 66        		.byte	102
 327 00ea 6F        		.byte	111
 328 00eb 75        		.byte	117
 329 00ec 6E        		.byte	110
 330 00ed 64        		.byte	100
 331 00ee 0D        		.byte	13
 332 00ef 0A        		.byte	10
 333 00f0 00        		.skip 1,0
 334               	.global	http_content_type_plain
 337               	http_content_type_plain:
 338 00f1 43        		.byte	67
 339 00f2 6F        		.byte	111
 340 00f3 6E        		.byte	110
 341 00f4 74        		.byte	116
 342 00f5 65        		.byte	101
 343 00f6 6E        		.byte	110
 344 00f7 74        		.byte	116
 345 00f8 2D        		.byte	45
 346 00f9 74        		.byte	116
 347 00fa 79        		.byte	121
 348 00fb 70        		.byte	112
 349 00fc 65        		.byte	101
 350 00fd 3A        		.byte	58
 351 00fe 20        		.byte	32
 352 00ff 74        		.byte	116
 353 0100 65        		.byte	101
 354 0101 78        		.byte	120
 355 0102 74        		.byte	116
 356 0103 2F        		.byte	47
 357 0104 70        		.byte	112
 358 0105 6C        		.byte	108
 359 0106 61        		.byte	97
 360 0107 69        		.byte	105
 361 0108 6E        		.byte	110
 362 0109 0D        		.byte	13
 363 010a 0A        		.byte	10
 364 010b 0D        		.byte	13
 365 010c 0A        		.byte	10
 366 010d 00        		.skip 1,0
 367               	.global	http_content_type_html
 370               	http_content_type_html:
 371 010e 43        		.byte	67
 372 010f 6F        		.byte	111
 373 0110 6E        		.byte	110
 374 0111 74        		.byte	116
 375 0112 65        		.byte	101
 376 0113 6E        		.byte	110
 377 0114 74        		.byte	116
 378 0115 2D        		.byte	45
 379 0116 74        		.byte	116
 380 0117 79        		.byte	121
 381 0118 70        		.byte	112
 382 0119 65        		.byte	101
 383 011a 3A        		.byte	58
 384 011b 20        		.byte	32
 385 011c 74        		.byte	116
 386 011d 65        		.byte	101
 387 011e 78        		.byte	120
 388 011f 74        		.byte	116
 389 0120 2F        		.byte	47
 390 0121 68        		.byte	104
 391 0122 74        		.byte	116
 392 0123 6D        		.byte	109
 393 0124 6C        		.byte	108
 394 0125 0D        		.byte	13
 395 0126 0A        		.byte	10
 396 0127 0D        		.byte	13
 397 0128 0A        		.byte	10
 398 0129 00        		.skip 1,0
 399               	.global	http_content_type_css
 402               	http_content_type_css:
 403 012a 43        		.byte	67
 404 012b 6F        		.byte	111
 405 012c 6E        		.byte	110
 406 012d 74        		.byte	116
 407 012e 65        		.byte	101
 408 012f 6E        		.byte	110
 409 0130 74        		.byte	116
 410 0131 2D        		.byte	45
 411 0132 74        		.byte	116
 412 0133 79        		.byte	121
 413 0134 70        		.byte	112
 414 0135 65        		.byte	101
 415 0136 3A        		.byte	58
 416 0137 20        		.byte	32
 417 0138 74        		.byte	116
 418 0139 65        		.byte	101
 419 013a 78        		.byte	120
 420 013b 74        		.byte	116
 421 013c 2F        		.byte	47
 422 013d 63        		.byte	99
 423 013e 73        		.byte	115
 424 013f 73        		.byte	115
 425 0140 0D        		.byte	13
 426 0141 0A        		.byte	10
 427 0142 0D        		.byte	13
 428 0143 0A        		.byte	10
 429 0144 00        		.skip 1,0
 430               	.global	http_content_type_text
 433               	http_content_type_text:
 434 0145 43        		.byte	67
 435 0146 6F        		.byte	111
 436 0147 6E        		.byte	110
 437 0148 74        		.byte	116
 438 0149 65        		.byte	101
 439 014a 6E        		.byte	110
 440 014b 74        		.byte	116
 441 014c 2D        		.byte	45
 442 014d 74        		.byte	116
 443 014e 79        		.byte	121
 444 014f 70        		.byte	112
 445 0150 65        		.byte	101
 446 0151 3A        		.byte	58
 447 0152 20        		.byte	32
 448 0153 74        		.byte	116
 449 0154 65        		.byte	101
 450 0155 78        		.byte	120
 451 0156 74        		.byte	116
 452 0157 2F        		.byte	47
 453 0158 74        		.byte	116
 454 0159 65        		.byte	101
 455 015a 78        		.byte	120
 456 015b 74        		.byte	116
 457 015c 0D        		.byte	13
 458 015d 0A        		.byte	10
 459 015e 0D        		.byte	13
 460 015f 0A        		.byte	10
 461 0160 00        		.skip 1,0
 462               	.global	http_content_type_png
 465               	http_content_type_png:
 466 0161 43        		.byte	67
 467 0162 6F        		.byte	111
 468 0163 6E        		.byte	110
 469 0164 74        		.byte	116
 470 0165 65        		.byte	101
 471 0166 6E        		.byte	110
 472 0167 74        		.byte	116
 473 0168 2D        		.byte	45
 474 0169 74        		.byte	116
 475 016a 79        		.byte	121
 476 016b 70        		.byte	112
 477 016c 65        		.byte	101
 478 016d 3A        		.byte	58
 479 016e 20        		.byte	32
 480 016f 69        		.byte	105
 481 0170 6D        		.byte	109
 482 0171 61        		.byte	97
 483 0172 67        		.byte	103
 484 0173 65        		.byte	101
 485 0174 2F        		.byte	47
 486 0175 70        		.byte	112
 487 0176 6E        		.byte	110
 488 0177 67        		.byte	103
 489 0178 0D        		.byte	13
 490 0179 0A        		.byte	10
 491 017a 0D        		.byte	13
 492 017b 0A        		.byte	10
 493 017c 00        		.skip 1,0
 494               	.global	http_content_type_gif
 497               	http_content_type_gif:
 498 017d 43        		.byte	67
 499 017e 6F        		.byte	111
 500 017f 6E        		.byte	110
 501 0180 74        		.byte	116
 502 0181 65        		.byte	101
 503 0182 6E        		.byte	110
 504 0183 74        		.byte	116
 505 0184 2D        		.byte	45
 506 0185 74        		.byte	116
 507 0186 79        		.byte	121
 508 0187 70        		.byte	112
 509 0188 65        		.byte	101
 510 0189 3A        		.byte	58
 511 018a 20        		.byte	32
 512 018b 69        		.byte	105
 513 018c 6D        		.byte	109
 514 018d 61        		.byte	97
 515 018e 67        		.byte	103
 516 018f 65        		.byte	101
 517 0190 2F        		.byte	47
 518 0191 67        		.byte	103
 519 0192 69        		.byte	105
 520 0193 66        		.byte	102
 521 0194 0D        		.byte	13
 522 0195 0A        		.byte	10
 523 0196 0D        		.byte	13
 524 0197 0A        		.byte	10
 525 0198 00        		.skip 1,0
 526               	.global	http_content_type_jpg
 529               	http_content_type_jpg:
 530 0199 43        		.byte	67
 531 019a 6F        		.byte	111
 532 019b 6E        		.byte	110
 533 019c 74        		.byte	116
 534 019d 65        		.byte	101
 535 019e 6E        		.byte	110
 536 019f 74        		.byte	116
 537 01a0 2D        		.byte	45
 538 01a1 74        		.byte	116
 539 01a2 79        		.byte	121
 540 01a3 70        		.byte	112
 541 01a4 65        		.byte	101
 542 01a5 3A        		.byte	58
 543 01a6 20        		.byte	32
 544 01a7 69        		.byte	105
 545 01a8 6D        		.byte	109
 546 01a9 61        		.byte	97
 547 01aa 67        		.byte	103
 548 01ab 65        		.byte	101
 549 01ac 2F        		.byte	47
 550 01ad 6A        		.byte	106
 551 01ae 70        		.byte	112
 552 01af 65        		.byte	101
 553 01b0 67        		.byte	103
 554 01b1 0D        		.byte	13
 555 01b2 0A        		.byte	10
 556 01b3 0D        		.byte	13
 557 01b4 0A        		.byte	10
 558 01b5 00        		.skip 1,0
 559               	.global	http_content_type_bmp
 562               	http_content_type_bmp:
 563 01b6 43        		.byte	67
 564 01b7 6F        		.byte	111
 565 01b8 6E        		.byte	110
 566 01b9 74        		.byte	116
 567 01ba 65        		.byte	101
 568 01bb 6E        		.byte	110
 569 01bc 74        		.byte	116
 570 01bd 2D        		.byte	45
 571 01be 74        		.byte	116
 572 01bf 79        		.byte	121
 573 01c0 70        		.byte	112
 574 01c1 65        		.byte	101
 575 01c2 3A        		.byte	58
 576 01c3 20        		.byte	32
 577 01c4 69        		.byte	105
 578 01c5 6D        		.byte	109
 579 01c6 61        		.byte	97
 580 01c7 67        		.byte	103
 581 01c8 65        		.byte	101
 582 01c9 2F        		.byte	47
 583 01ca 62        		.byte	98
 584 01cb 6D        		.byte	109
 585 01cc 70        		.byte	112
 586 01cd 0D        		.byte	13
 587 01ce 0A        		.byte	10
 588 01cf 0D        		.byte	13
 589 01d0 0A        		.byte	10
 590 01d1 00        		.skip 1,0
 591               	.global	http_content_type_binary
 594               	http_content_type_binary:
 595 01d2 43        		.byte	67
 596 01d3 6F        		.byte	111
 597 01d4 6E        		.byte	110
 598 01d5 74        		.byte	116
 599 01d6 65        		.byte	101
 600 01d7 6E        		.byte	110
 601 01d8 74        		.byte	116
 602 01d9 2D        		.byte	45
 603 01da 74        		.byte	116
 604 01db 79        		.byte	121
 605 01dc 70        		.byte	112
 606 01dd 65        		.byte	101
 607 01de 3A        		.byte	58
 608 01df 20        		.byte	32
 609 01e0 61        		.byte	97
 610 01e1 70        		.byte	112
 611 01e2 70        		.byte	112
 612 01e3 6C        		.byte	108
 613 01e4 69        		.byte	105
 614 01e5 63        		.byte	99
 615 01e6 61        		.byte	97
 616 01e7 74        		.byte	116
 617 01e8 69        		.byte	105
 618 01e9 6F        		.byte	111
 619 01ea 6E        		.byte	110
 620 01eb 2F        		.byte	47
 621 01ec 6F        		.byte	111
 622 01ed 63        		.byte	99
 623 01ee 74        		.byte	116
 624 01ef 65        		.byte	101
 625 01f0 74        		.byte	116
 626 01f1 2D        		.byte	45
 627 01f2 73        		.byte	115
 628 01f3 74        		.byte	116
 629 01f4 72        		.byte	114
 630 01f5 65        		.byte	101
 631 01f6 61        		.byte	97
 632 01f7 6D        		.byte	109
 633 01f8 0D        		.byte	13
 634 01f9 0A        		.byte	10
 635 01fa 0D        		.byte	13
 636 01fb 0A        		.byte	10
 637 01fc 00        		.skip 1,0
 638               	.global	http_content_type_ra
 641               	http_content_type_ra:
 642 01fd 43        		.byte	67
 643 01fe 6F        		.byte	111
 644 01ff 6E        		.byte	110
 645 0200 74        		.byte	116
 646 0201 65        		.byte	101
 647 0202 6E        		.byte	110
 648 0203 74        		.byte	116
 649 0204 2D        		.byte	45
 650 0205 74        		.byte	116
 651 0206 79        		.byte	121
 652 0207 70        		.byte	112
 653 0208 65        		.byte	101
 654 0209 3A        		.byte	58
 655 020a 20        		.byte	32
 656 020b 61        		.byte	97
 657 020c 75        		.byte	117
 658 020d 64        		.byte	100
 659 020e 69        		.byte	105
 660 020f 6F        		.byte	111
 661 0210 2F        		.byte	47
 662 0211 78        		.byte	120
 663 0212 2D        		.byte	45
 664 0213 70        		.byte	112
 665 0214 6E        		.byte	110
 666 0215 2D        		.byte	45
 667 0216 72        		.byte	114
 668 0217 65        		.byte	101
 669 0218 61        		.byte	97
 670 0219 6C        		.byte	108
 671 021a 61        		.byte	97
 672 021b 75        		.byte	117
 673 021c 64        		.byte	100
 674 021d 69        		.byte	105
 675 021e 6F        		.byte	111
 676 021f 0D        		.byte	13
 677 0220 0A        		.byte	10
 678 0221 0D        		.byte	13
 679 0222 0A        		.byte	10
 680 0223 00        		.skip 1,0
 681               	.global	http_html
 684               	http_html:
 685 0224 2E        		.byte	46
 686 0225 68        		.byte	104
 687 0226 74        		.byte	116
 688 0227 6D        		.byte	109
 689 0228 6C        		.byte	108
 690 0229 00        		.skip 1,0
 691               	.global	http_shtml
 694               	http_shtml:
 695 022a 2E        		.byte	46
 696 022b 73        		.byte	115
 697 022c 68        		.byte	104
 698 022d 74        		.byte	116
 699 022e 6D        		.byte	109
 700 022f 6C        		.byte	108
 701 0230 00        		.skip 1,0
 702               	.global	http_htm
 705               	http_htm:
 706 0231 2E        		.byte	46
 707 0232 68        		.byte	104
 708 0233 74        		.byte	116
 709 0234 6D        		.byte	109
 710 0235 00        		.skip 1,0
 711               	.global	http_css
 714               	http_css:
 715 0236 2E        		.byte	46
 716 0237 63        		.byte	99
 717 0238 73        		.byte	115
 718 0239 73        		.byte	115
 719 023a 00        		.skip 1,0
 720               	.global	http_png
 723               	http_png:
 724 023b 2E        		.byte	46
 725 023c 70        		.byte	112
 726 023d 6E        		.byte	110
 727 023e 67        		.byte	103
 728 023f 00        		.skip 1,0
 729               	.global	http_gif
 732               	http_gif:
 733 0240 2E        		.byte	46
 734 0241 67        		.byte	103
 735 0242 69        		.byte	105
 736 0243 66        		.byte	102
 737 0244 00        		.skip 1,0
 738               	.global	http_jpg
 741               	http_jpg:
 742 0245 2E        		.byte	46
 743 0246 6A        		.byte	106
 744 0247 70        		.byte	112
 745 0248 67        		.byte	103
 746 0249 00        		.skip 1,0
 747               	.global	http_text
 750               	http_text:
 751 024a 2E        		.byte	46
 752 024b 74        		.byte	116
 753 024c 78        		.byte	120
 754 024d 74        		.byte	116
 755 024e 00        		.skip 1,0
 756               	.global	http_txt
 759               	http_txt:
 760 024f 2E        		.byte	46
 761 0250 74        		.byte	116
 762 0251 78        		.byte	120
 763 0252 74        		.byte	116
 764 0253 00        		.skip 1,0
 765               		.text
 766               	.Letext0:
DEFINED SYMBOLS
                            *ABS*:00000000 http-strings.c
C:\DOCUME~1\ADMINI~1\LOCALS~1\Temp/ccimyztQ.s:2      *ABS*:0000003f __SREG__
C:\DOCUME~1\ADMINI~1\LOCALS~1\Temp/ccimyztQ.s:3      *ABS*:0000003e __SP_H__
C:\DOCUME~1\ADMINI~1\LOCALS~1\Temp/ccimyztQ.s:4      *ABS*:0000003d __SP_L__
C:\DOCUME~1\ADMINI~1\LOCALS~1\Temp/ccimyztQ.s:5      *ABS*:00000034 __CCP__
C:\DOCUME~1\ADMINI~1\LOCALS~1\Temp/ccimyztQ.s:6      *ABS*:00000000 __tmp_reg__
C:\DOCUME~1\ADMINI~1\LOCALS~1\Temp/ccimyztQ.s:7      *ABS*:00000001 __zero_reg__
C:\DOCUME~1\ADMINI~1\LOCALS~1\Temp/ccimyztQ.s:20     .progmem.data:00000000 http_http
C:\DOCUME~1\ADMINI~1\LOCALS~1\Temp/ccimyztQ.s:32     .progmem.data:00000008 http_200
C:\DOCUME~1\ADMINI~1\LOCALS~1\Temp/ccimyztQ.s:41     .progmem.data:0000000d http_301
C:\DOCUME~1\ADMINI~1\LOCALS~1\Temp/ccimyztQ.s:50     .progmem.data:00000012 http_302
C:\DOCUME~1\ADMINI~1\LOCALS~1\Temp/ccimyztQ.s:59     .progmem.data:00000017 http_get
C:\DOCUME~1\ADMINI~1\LOCALS~1\Temp/ccimyztQ.s:68     .progmem.data:0000001c http_10
C:\DOCUME~1\ADMINI~1\LOCALS~1\Temp/ccimyztQ.s:81     .progmem.data:00000025 http_11
C:\DOCUME~1\ADMINI~1\LOCALS~1\Temp/ccimyztQ.s:94     .progmem.data:0000002e http_content_type
C:\DOCUME~1\ADMINI~1\LOCALS~1\Temp/ccimyztQ.s:113    .progmem.data:0000003d http_texthtml
C:\DOCUME~1\ADMINI~1\LOCALS~1\Temp/ccimyztQ.s:127    .progmem.data:00000047 http_location
C:\DOCUME~1\ADMINI~1\LOCALS~1\Temp/ccimyztQ.s:142    .progmem.data:00000052 http_host
C:\DOCUME~1\ADMINI~1\LOCALS~1\Temp/ccimyztQ.s:153    .progmem.data:00000059 http_crnl
C:\DOCUME~1\ADMINI~1\LOCALS~1\Temp/ccimyztQ.s:160    .progmem.data:0000005c http_index_shtml
C:\DOCUME~1\ADMINI~1\LOCALS~1\Temp/ccimyztQ.s:177    .progmem.data:00000069 http_404_html
C:\DOCUME~1\ADMINI~1\LOCALS~1\Temp/ccimyztQ.s:191    .progmem.data:00000073 http_referer
C:\DOCUME~1\ADMINI~1\LOCALS~1\Temp/ccimyztQ.s:204    .progmem.data:0000007c http_server
C:\DOCUME~1\ADMINI~1\LOCALS~1\Temp/ccimyztQ.s:262    .progmem.data:000000b2 http_header_200
C:\DOCUME~1\ADMINI~1\LOCALS~1\Temp/ccimyztQ.s:284    .progmem.data:000000c4 http_connect_close
C:\DOCUME~1\ADMINI~1\LOCALS~1\Temp/ccimyztQ.s:308    .progmem.data:000000d8 http_header_404
C:\DOCUME~1\ADMINI~1\LOCALS~1\Temp/ccimyztQ.s:337    .progmem.data:000000f1 http_content_type_plain
C:\DOCUME~1\ADMINI~1\LOCALS~1\Temp/ccimyztQ.s:370    .progmem.data:0000010e http_content_type_html
C:\DOCUME~1\ADMINI~1\LOCALS~1\Temp/ccimyztQ.s:402    .progmem.data:0000012a http_content_type_css
C:\DOCUME~1\ADMINI~1\LOCALS~1\Temp/ccimyztQ.s:433    .progmem.data:00000145 http_content_type_text
C:\DOCUME~1\ADMINI~1\LOCALS~1\Temp/ccimyztQ.s:465    .progmem.data:00000161 http_content_type_png
C:\DOCUME~1\ADMINI~1\LOCALS~1\Temp/ccimyztQ.s:497    .progmem.data:0000017d http_content_type_gif
C:\DOCUME~1\ADMINI~1\LOCALS~1\Temp/ccimyztQ.s:529    .progmem.data:00000199 http_content_type_jpg
C:\DOCUME~1\ADMINI~1\LOCALS~1\Temp/ccimyztQ.s:562    .progmem.data:000001b6 http_content_type_bmp
C:\DOCUME~1\ADMINI~1\LOCALS~1\Temp/ccimyztQ.s:594    .progmem.data:000001d2 http_content_type_binary
C:\DOCUME~1\ADMINI~1\LOCALS~1\Temp/ccimyztQ.s:641    .progmem.data:000001fd http_content_type_ra
C:\DOCUME~1\ADMINI~1\LOCALS~1\Temp/ccimyztQ.s:684    .progmem.data:00000224 http_html
C:\DOCUME~1\ADMINI~1\LOCALS~1\Temp/ccimyztQ.s:694    .progmem.data:0000022a http_shtml
C:\DOCUME~1\ADMINI~1\LOCALS~1\Temp/ccimyztQ.s:705    .progmem.data:00000231 http_htm
C:\DOCUME~1\ADMINI~1\LOCALS~1\Temp/ccimyztQ.s:714    .progmem.data:00000236 http_css
C:\DOCUME~1\ADMINI~1\LOCALS~1\Temp/ccimyztQ.s:723    .progmem.data:0000023b http_png
C:\DOCUME~1\ADMINI~1\LOCALS~1\Temp/ccimyztQ.s:732    .progmem.data:00000240 http_gif
C:\DOCUME~1\ADMINI~1\LOCALS~1\Temp/ccimyztQ.s:741    .progmem.data:00000245 http_jpg
C:\DOCUME~1\ADMINI~1\LOCALS~1\Temp/ccimyztQ.s:750    .progmem.data:0000024a http_text
C:\DOCUME~1\ADMINI~1\LOCALS~1\Temp/ccimyztQ.s:759    .progmem.data:0000024f http_txt

NO UNDEFINED SYMBOLS
